INFO - 2024-01-10 07:21:44 --> Session: Class initialized using 'CodeIgniter\Session\Handlers\FileHandler' driver.
CRITICAL - 2024-01-10 14:22:04 --> Undefined variable $data_donatur
in APPPATH\Views\Kasmasuk\view_kasmasuk.php on line 218.
 1 APPPATH\Views\Kasmasuk\view_kasmasuk.php(218): CodeIgniter\Debug\Exceptions->errorHandler(2, 'Undefined variable $data_donatur', 'D:\\SEMESTER 5\\web2\\Digitalmasjid\\app\\Views\\Kasmasuk\\view_kasmasuk.php', 218)
 2 SYSTEMPATH\View\View.php(226): include('D:\\SEMESTER 5\\web2\\Digitalmasjid\\app\\Views\\Kasmasuk\\view_kasmasuk.php')
 3 SYSTEMPATH\View\View.php(229): CodeIgniter\View\View->CodeIgniter\View\{closure}()
 4 SYSTEMPATH\Common.php(1188): CodeIgniter\View\View->render('kasmasuk/view_kasmasuk', [], true)
 5 APPPATH\Controllers\Kasmasuk.php(15): view('kasmasuk/view_kasmasuk', [...])
 6 SYSTEMPATH\CodeIgniter.php(919): App\Controllers\Kasmasuk->index()
 7 SYSTEMPATH\CodeIgniter.php(494): CodeIgniter\CodeIgniter->runController(Object(App\Controllers\Kasmasuk))
 8 SYSTEMPATH\CodeIgniter.php(353): CodeIgniter\CodeIgniter->handleRequest(null, Object(Config\Cache), false)
 9 FCPATH\index.php(79): CodeIgniter\CodeIgniter->run()
10 SYSTEMPATH\Commands\Server\rewrite.php(47): require_once('D:\\SEMESTER 5\\web2\\Digitalmasjid\\public\\index.php')
INFO - 2024-01-10 14:23:12 --> Session: Class initialized using 'CodeIgniter\Session\Handlers\FileHandler' driver.
INFO - 2024-01-10 14:27:44 --> Session: Class initialized using 'CodeIgniter\Session\Handlers\FileHandler' driver.
INFO - 2024-01-10 14:29:52 --> Session: Class initialized using 'CodeIgniter\Session\Handlers\FileHandler' driver.
INFO - 2024-01-10 14:30:17 --> Session: Class initialized using 'CodeIgniter\Session\Handlers\FileHandler' driver.
INFO - 2024-01-10 14:30:46 --> Session: Class initialized using 'CodeIgniter\Session\Handlers\FileHandler' driver.
INFO - 2024-01-10 14:32:48 --> Session: Class initialized using 'CodeIgniter\Session\Handlers\FileHandler' driver.
INFO - 2024-01-10 14:33:02 --> Session: Class initialized using 'CodeIgniter\Session\Handlers\FileHandler' driver.
INFO - 2024-01-10 14:33:11 --> Session: Class initialized using 'CodeIgniter\Session\Handlers\FileHandler' driver.
INFO - 2024-01-10 07:35:45 --> Session: Class initialized using 'CodeIgniter\Session\Handlers\FileHandler' driver.
INFO - 2024-01-10 07:35:59 --> Session: Class initialized using 'CodeIgniter\Session\Handlers\FileHandler' driver.
INFO - 2024-01-10 07:35:59 --> Session: Class initialized using 'CodeIgniter\Session\Handlers\FileHandler' driver.
INFO - 2024-01-10 07:36:09 --> Session: Class initialized using 'CodeIgniter\Session\Handlers\FileHandler' driver.
INFO - 2024-01-10 07:36:20 --> Session: Class initialized using 'CodeIgniter\Session\Handlers\FileHandler' driver.
INFO - 2024-01-10 07:37:43 --> Session: Class initialized using 'CodeIgniter\Session\Handlers\FileHandler' driver.
INFO - 2024-01-10 07:37:49 --> Session: Class initialized using 'CodeIgniter\Session\Handlers\FileHandler' driver.
INFO - 2024-01-10 07:38:00 --> Session: Class initialized using 'CodeIgniter\Session\Handlers\FileHandler' driver.
INFO - 2024-01-10 07:38:00 --> Session: Class initialized using 'CodeIgniter\Session\Handlers\FileHandler' driver.
INFO - 2024-01-10 07:38:07 --> Session: Class initialized using 'CodeIgniter\Session\Handlers\FileHandler' driver.
INFO - 2024-01-10 07:38:15 --> Session: Class initialized using 'CodeIgniter\Session\Handlers\FileHandler' driver.
INFO - 2024-01-10 07:38:17 --> Session: Class initialized using 'CodeIgniter\Session\Handlers\FileHandler' driver.
INFO - 2024-01-10 07:38:25 --> Session: Class initialized using 'CodeIgniter\Session\Handlers\FileHandler' driver.
INFO - 2024-01-10 07:38:33 --> Session: Class initialized using 'CodeIgniter\Session\Handlers\FileHandler' driver.
INFO - 2024-01-10 07:38:33 --> Session: Class initialized using 'CodeIgniter\Session\Handlers\FileHandler' driver.
INFO - 2024-01-10 07:41:19 --> Session: Class initialized using 'CodeIgniter\Session\Handlers\FileHandler' driver.
INFO - 2024-01-10 07:41:26 --> Session: Class initialized using 'CodeIgniter\Session\Handlers\FileHandler' driver.
INFO - 2024-01-10 07:42:58 --> Session: Class initialized using 'CodeIgniter\Session\Handlers\FileHandler' driver.
INFO - 2024-01-10 07:43:51 --> Session: Class initialized using 'CodeIgniter\Session\Handlers\FileHandler' driver.
INFO - 2024-01-10 14:43:54 --> Session: Class initialized using 'CodeIgniter\Session\Handlers\FileHandler' driver.
INFO - 2024-01-10 14:44:09 --> Session: Class initialized using 'CodeIgniter\Session\Handlers\FileHandler' driver.
INFO - 2024-01-10 14:44:40 --> Session: Class initialized using 'CodeIgniter\Session\Handlers\FileHandler' driver.
INFO - 2024-01-10 14:44:45 --> Session: Class initialized using 'CodeIgniter\Session\Handlers\FileHandler' driver.
INFO - 2024-01-10 14:45:23 --> Session: Class initialized using 'CodeIgniter\Session\Handlers\FileHandler' driver.
INFO - 2024-01-10 07:46:09 --> Session: Class initialized using 'CodeIgniter\Session\Handlers\FileHandler' driver.
INFO - 2024-01-10 14:46:24 --> Session: Class initialized using 'CodeIgniter\Session\Handlers\FileHandler' driver.
INFO - 2024-01-10 14:46:47 --> Session: Class initialized using 'CodeIgniter\Session\Handlers\FileHandler' driver.
CRITICAL - 2024-01-10 14:59:30 --> Undefined array key "namadonatur"
in APPPATH\Views\Kasmasuk\view_kasmasuk.php on line 98.
 1 APPPATH\Views\Kasmasuk\view_kasmasuk.php(98): CodeIgniter\Debug\Exceptions->errorHandler(2, 'Undefined array key "namadonatur"', 'D:\\SEMESTER 5\\web2\\Digitalmasjid\\app\\Views\\Kasmasuk\\view_kasmasuk.php', 98)
 2 SYSTEMPATH\View\View.php(226): include('D:\\SEMESTER 5\\web2\\Digitalmasjid\\app\\Views\\Kasmasuk\\view_kasmasuk.php')
 3 SYSTEMPATH\View\View.php(229): CodeIgniter\View\View->CodeIgniter\View\{closure}()
 4 SYSTEMPATH\Common.php(1188): CodeIgniter\View\View->render('kasmasuk/view_kasmasuk', [], true)
 5 APPPATH\Controllers\Kasmasuk.php(15): view('kasmasuk/view_kasmasuk', [...])
 6 SYSTEMPATH\CodeIgniter.php(919): App\Controllers\Kasmasuk->index()
 7 SYSTEMPATH\CodeIgniter.php(494): CodeIgniter\CodeIgniter->runController(Object(App\Controllers\Kasmasuk))
 8 SYSTEMPATH\CodeIgniter.php(353): CodeIgniter\CodeIgniter->handleRequest(null, Object(Config\Cache), false)
 9 FCPATH\index.php(79): CodeIgniter\CodeIgniter->run()
10 SYSTEMPATH\Commands\Server\rewrite.php(47): require_once('D:\\SEMESTER 5\\web2\\Digitalmasjid\\public\\index.php')
CRITICAL - 2024-01-10 15:02:13 --> Undefined array key "namadonatur"
in APPPATH\Views\Kasmasuk\view_kasmasuk.php on line 98.
 1 APPPATH\Views\Kasmasuk\view_kasmasuk.php(98): CodeIgniter\Debug\Exceptions->errorHandler(2, 'Undefined array key "namadonatur"', 'D:\\SEMESTER 5\\web2\\Digitalmasjid\\app\\Views\\Kasmasuk\\view_kasmasuk.php', 98)
 2 SYSTEMPATH\View\View.php(226): include('D:\\SEMESTER 5\\web2\\Digitalmasjid\\app\\Views\\Kasmasuk\\view_kasmasuk.php')
 3 SYSTEMPATH\View\View.php(229): CodeIgniter\View\View->CodeIgniter\View\{closure}()
 4 SYSTEMPATH\Common.php(1188): CodeIgniter\View\View->render('kasmasuk/view_kasmasuk', [], true)
 5 APPPATH\Controllers\Kasmasuk.php(15): view('kasmasuk/view_kasmasuk', [...])
 6 SYSTEMPATH\CodeIgniter.php(919): App\Controllers\Kasmasuk->index()
 7 SYSTEMPATH\CodeIgniter.php(494): CodeIgniter\CodeIgniter->runController(Object(App\Controllers\Kasmasuk))
 8 SYSTEMPATH\CodeIgniter.php(353): CodeIgniter\CodeIgniter->handleRequest(null, Object(Config\Cache), false)
 9 FCPATH\index.php(79): CodeIgniter\CodeIgniter->run()
10 SYSTEMPATH\Commands\Server\rewrite.php(47): require_once('D:\\SEMESTER 5\\web2\\Digitalmasjid\\public\\index.php')
CRITICAL - 2024-01-10 15:02:16 --> Undefined array key "namadonatur"
in APPPATH\Views\Kasmasuk\view_kasmasuk.php on line 98.
 1 APPPATH\Views\Kasmasuk\view_kasmasuk.php(98): CodeIgniter\Debug\Exceptions->errorHandler(2, 'Undefined array key "namadonatur"', 'D:\\SEMESTER 5\\web2\\Digitalmasjid\\app\\Views\\Kasmasuk\\view_kasmasuk.php', 98)
 2 SYSTEMPATH\View\View.php(226): include('D:\\SEMESTER 5\\web2\\Digitalmasjid\\app\\Views\\Kasmasuk\\view_kasmasuk.php')
 3 SYSTEMPATH\View\View.php(229): CodeIgniter\View\View->CodeIgniter\View\{closure}()
 4 SYSTEMPATH\Common.php(1188): CodeIgniter\View\View->render('kasmasuk/view_kasmasuk', [], true)
 5 APPPATH\Controllers\Kasmasuk.php(15): view('kasmasuk/view_kasmasuk', [...])
 6 SYSTEMPATH\CodeIgniter.php(919): App\Controllers\Kasmasuk->index()
 7 SYSTEMPATH\CodeIgniter.php(494): CodeIgniter\CodeIgniter->runController(Object(App\Controllers\Kasmasuk))
 8 SYSTEMPATH\CodeIgniter.php(353): CodeIgniter\CodeIgniter->handleRequest(null, Object(Config\Cache), false)
 9 FCPATH\index.php(79): CodeIgniter\CodeIgniter->run()
10 SYSTEMPATH\Commands\Server\rewrite.php(47): require_once('D:\\SEMESTER 5\\web2\\Digitalmasjid\\public\\index.php')
CRITICAL - 2024-01-10 15:02:48 --> Undefined array key "namadonatur"
in APPPATH\Views\Kasmasuk\view_kasmasuk.php on line 98.
 1 APPPATH\Views\Kasmasuk\view_kasmasuk.php(98): CodeIgniter\Debug\Exceptions->errorHandler(2, 'Undefined array key "namadonatur"', 'D:\\SEMESTER 5\\web2\\Digitalmasjid\\app\\Views\\Kasmasuk\\view_kasmasuk.php', 98)
 2 SYSTEMPATH\View\View.php(226): include('D:\\SEMESTER 5\\web2\\Digitalmasjid\\app\\Views\\Kasmasuk\\view_kasmasuk.php')
 3 SYSTEMPATH\View\View.php(229): CodeIgniter\View\View->CodeIgniter\View\{closure}()
 4 SYSTEMPATH\Common.php(1188): CodeIgniter\View\View->render('kasmasuk/view_kasmasuk', [], true)
 5 APPPATH\Controllers\Kasmasuk.php(15): view('kasmasuk/view_kasmasuk', [...])
 6 SYSTEMPATH\CodeIgniter.php(919): App\Controllers\Kasmasuk->index()
 7 SYSTEMPATH\CodeIgniter.php(494): CodeIgniter\CodeIgniter->runController(Object(App\Controllers\Kasmasuk))
 8 SYSTEMPATH\CodeIgniter.php(353): CodeIgniter\CodeIgniter->handleRequest(null, Object(Config\Cache), false)
 9 FCPATH\index.php(79): CodeIgniter\CodeIgniter->run()
10 SYSTEMPATH\Commands\Server\rewrite.php(47): require_once('D:\\SEMESTER 5\\web2\\Digitalmasjid\\public\\index.php')
CRITICAL - 2024-01-10 15:02:49 --> Undefined array key "namadonatur"
in APPPATH\Views\Kasmasuk\view_kasmasuk.php on line 98.
 1 APPPATH\Views\Kasmasuk\view_kasmasuk.php(98): CodeIgniter\Debug\Exceptions->errorHandler(2, 'Undefined array key "namadonatur"', 'D:\\SEMESTER 5\\web2\\Digitalmasjid\\app\\Views\\Kasmasuk\\view_kasmasuk.php', 98)
 2 SYSTEMPATH\View\View.php(226): include('D:\\SEMESTER 5\\web2\\Digitalmasjid\\app\\Views\\Kasmasuk\\view_kasmasuk.php')
 3 SYSTEMPATH\View\View.php(229): CodeIgniter\View\View->CodeIgniter\View\{closure}()
 4 SYSTEMPATH\Common.php(1188): CodeIgniter\View\View->render('kasmasuk/view_kasmasuk', [], true)
 5 APPPATH\Controllers\Kasmasuk.php(15): view('kasmasuk/view_kasmasuk', [...])
 6 SYSTEMPATH\CodeIgniter.php(919): App\Controllers\Kasmasuk->index()
 7 SYSTEMPATH\CodeIgniter.php(494): CodeIgniter\CodeIgniter->runController(Object(App\Controllers\Kasmasuk))
 8 SYSTEMPATH\CodeIgniter.php(353): CodeIgniter\CodeIgniter->handleRequest(null, Object(Config\Cache), false)
 9 FCPATH\index.php(79): CodeIgniter\CodeIgniter->run()
10 SYSTEMPATH\Commands\Server\rewrite.php(47): require_once('D:\\SEMESTER 5\\web2\\Digitalmasjid\\public\\index.php')
CRITICAL - 2024-01-10 15:02:55 --> Undefined array key "namadonatur"
in APPPATH\Views\Kasmasuk\view_kasmasuk.php on line 98.
 1 APPPATH\Views\Kasmasuk\view_kasmasuk.php(98): CodeIgniter\Debug\Exceptions->errorHandler(2, 'Undefined array key "namadonatur"', 'D:\\SEMESTER 5\\web2\\Digitalmasjid\\app\\Views\\Kasmasuk\\view_kasmasuk.php', 98)
 2 SYSTEMPATH\View\View.php(226): include('D:\\SEMESTER 5\\web2\\Digitalmasjid\\app\\Views\\Kasmasuk\\view_kasmasuk.php')
 3 SYSTEMPATH\View\View.php(229): CodeIgniter\View\View->CodeIgniter\View\{closure}()
 4 SYSTEMPATH\Common.php(1188): CodeIgniter\View\View->render('kasmasuk/view_kasmasuk', [], true)
 5 APPPATH\Controllers\Kasmasuk.php(15): view('kasmasuk/view_kasmasuk', [...])
 6 SYSTEMPATH\CodeIgniter.php(919): App\Controllers\Kasmasuk->index()
 7 SYSTEMPATH\CodeIgniter.php(494): CodeIgniter\CodeIgniter->runController(Object(App\Controllers\Kasmasuk))
 8 SYSTEMPATH\CodeIgniter.php(353): CodeIgniter\CodeIgniter->handleRequest(null, Object(Config\Cache), false)
 9 FCPATH\index.php(79): CodeIgniter\CodeIgniter->run()
10 SYSTEMPATH\Commands\Server\rewrite.php(47): require_once('D:\\SEMESTER 5\\web2\\Digitalmasjid\\public\\index.php')
INFO - 2024-01-10 08:02:56 --> Session: Class initialized using 'CodeIgniter\Session\Handlers\FileHandler' driver.
INFO - 2024-01-10 08:03:11 --> Session: Class initialized using 'CodeIgniter\Session\Handlers\FileHandler' driver.
INFO - 2024-01-10 08:03:11 --> Session: Class initialized using 'CodeIgniter\Session\Handlers\FileHandler' driver.
CRITICAL - 2024-01-10 15:03:15 --> Undefined array key "namadonatur"
in APPPATH\Views\Kasmasuk\view_kasmasuk.php on line 98.
 1 APPPATH\Views\Kasmasuk\view_kasmasuk.php(98): CodeIgniter\Debug\Exceptions->errorHandler(2, 'Undefined array key "namadonatur"', 'D:\\SEMESTER 5\\web2\\Digitalmasjid\\app\\Views\\Kasmasuk\\view_kasmasuk.php', 98)
 2 SYSTEMPATH\View\View.php(226): include('D:\\SEMESTER 5\\web2\\Digitalmasjid\\app\\Views\\Kasmasuk\\view_kasmasuk.php')
 3 SYSTEMPATH\View\View.php(229): CodeIgniter\View\View->CodeIgniter\View\{closure}()
 4 SYSTEMPATH\Common.php(1188): CodeIgniter\View\View->render('kasmasuk/view_kasmasuk', [], true)
 5 APPPATH\Controllers\Kasmasuk.php(15): view('kasmasuk/view_kasmasuk', [...])
 6 SYSTEMPATH\CodeIgniter.php(919): App\Controllers\Kasmasuk->index()
 7 SYSTEMPATH\CodeIgniter.php(494): CodeIgniter\CodeIgniter->runController(Object(App\Controllers\Kasmasuk))
 8 SYSTEMPATH\CodeIgniter.php(353): CodeIgniter\CodeIgniter->handleRequest(null, Object(Config\Cache), false)
 9 FCPATH\index.php(79): CodeIgniter\CodeIgniter->run()
10 SYSTEMPATH\Commands\Server\rewrite.php(47): require_once('D:\\SEMESTER 5\\web2\\Digitalmasjid\\public\\index.php')
CRITICAL - 2024-01-10 15:04:39 --> Undefined array key "namadonatur"
in APPPATH\Views\Kasmasuk\view_kasmasuk.php on line 98.
 1 APPPATH\Views\Kasmasuk\view_kasmasuk.php(98): CodeIgniter\Debug\Exceptions->errorHandler(2, 'Undefined array key "namadonatur"', 'D:\\SEMESTER 5\\web2\\Digitalmasjid\\app\\Views\\Kasmasuk\\view_kasmasuk.php', 98)
 2 SYSTEMPATH\View\View.php(226): include('D:\\SEMESTER 5\\web2\\Digitalmasjid\\app\\Views\\Kasmasuk\\view_kasmasuk.php')
 3 SYSTEMPATH\View\View.php(229): CodeIgniter\View\View->CodeIgniter\View\{closure}()
 4 SYSTEMPATH\Common.php(1188): CodeIgniter\View\View->render('kasmasuk/view_kasmasuk', [], true)
 5 APPPATH\Controllers\Kasmasuk.php(15): view('kasmasuk/view_kasmasuk', [...])
 6 SYSTEMPATH\CodeIgniter.php(919): App\Controllers\Kasmasuk->index()
 7 SYSTEMPATH\CodeIgniter.php(494): CodeIgniter\CodeIgniter->runController(Object(App\Controllers\Kasmasuk))
 8 SYSTEMPATH\CodeIgniter.php(353): CodeIgniter\CodeIgniter->handleRequest(null, Object(Config\Cache), false)
 9 FCPATH\index.php(79): CodeIgniter\CodeIgniter->run()
10 SYSTEMPATH\Commands\Server\rewrite.php(47): require_once('D:\\SEMESTER 5\\web2\\Digitalmasjid\\public\\index.php')
CRITICAL - 2024-01-10 15:04:40 --> Undefined array key "namadonatur"
in APPPATH\Views\Kasmasuk\view_kasmasuk.php on line 98.
 1 APPPATH\Views\Kasmasuk\view_kasmasuk.php(98): CodeIgniter\Debug\Exceptions->errorHandler(2, 'Undefined array key "namadonatur"', 'D:\\SEMESTER 5\\web2\\Digitalmasjid\\app\\Views\\Kasmasuk\\view_kasmasuk.php', 98)
 2 SYSTEMPATH\View\View.php(226): include('D:\\SEMESTER 5\\web2\\Digitalmasjid\\app\\Views\\Kasmasuk\\view_kasmasuk.php')
 3 SYSTEMPATH\View\View.php(229): CodeIgniter\View\View->CodeIgniter\View\{closure}()
 4 SYSTEMPATH\Common.php(1188): CodeIgniter\View\View->render('kasmasuk/view_kasmasuk', [], true)
 5 APPPATH\Controllers\Kasmasuk.php(15): view('kasmasuk/view_kasmasuk', [...])
 6 SYSTEMPATH\CodeIgniter.php(919): App\Controllers\Kasmasuk->index()
 7 SYSTEMPATH\CodeIgniter.php(494): CodeIgniter\CodeIgniter->runController(Object(App\Controllers\Kasmasuk))
 8 SYSTEMPATH\CodeIgniter.php(353): CodeIgniter\CodeIgniter->handleRequest(null, Object(Config\Cache), false)
 9 FCPATH\index.php(79): CodeIgniter\CodeIgniter->run()
10 SYSTEMPATH\Commands\Server\rewrite.php(47): require_once('D:\\SEMESTER 5\\web2\\Digitalmasjid\\public\\index.php')
INFO - 2024-01-10 08:04:42 --> Session: Class initialized using 'CodeIgniter\Session\Handlers\FileHandler' driver.
CRITICAL - 2024-01-10 15:04:45 --> Undefined array key "namadonatur"
in APPPATH\Views\Kasmasuk\view_kasmasuk.php on line 98.
 1 APPPATH\Views\Kasmasuk\view_kasmasuk.php(98): CodeIgniter\Debug\Exceptions->errorHandler(2, 'Undefined array key "namadonatur"', 'D:\\SEMESTER 5\\web2\\Digitalmasjid\\app\\Views\\Kasmasuk\\view_kasmasuk.php', 98)
 2 SYSTEMPATH\View\View.php(226): include('D:\\SEMESTER 5\\web2\\Digitalmasjid\\app\\Views\\Kasmasuk\\view_kasmasuk.php')
 3 SYSTEMPATH\View\View.php(229): CodeIgniter\View\View->CodeIgniter\View\{closure}()
 4 SYSTEMPATH\Common.php(1188): CodeIgniter\View\View->render('kasmasuk/view_kasmasuk', [], true)
 5 APPPATH\Controllers\Kasmasuk.php(15): view('kasmasuk/view_kasmasuk', [...])
 6 SYSTEMPATH\CodeIgniter.php(919): App\Controllers\Kasmasuk->index()
 7 SYSTEMPATH\CodeIgniter.php(494): CodeIgniter\CodeIgniter->runController(Object(App\Controllers\Kasmasuk))
 8 SYSTEMPATH\CodeIgniter.php(353): CodeIgniter\CodeIgniter->handleRequest(null, Object(Config\Cache), false)
 9 FCPATH\index.php(79): CodeIgniter\CodeIgniter->run()
10 SYSTEMPATH\Commands\Server\rewrite.php(47): require_once('D:\\SEMESTER 5\\web2\\Digitalmasjid\\public\\index.php')
CRITICAL - 2024-01-10 15:05:54 --> Undefined array key "namadonatur"
in APPPATH\Views\Kasmasuk\view_kasmasuk.php on line 98.
 1 APPPATH\Views\Kasmasuk\view_kasmasuk.php(98): CodeIgniter\Debug\Exceptions->errorHandler(2, 'Undefined array key "namadonatur"', 'D:\\SEMESTER 5\\web2\\Digitalmasjid\\app\\Views\\Kasmasuk\\view_kasmasuk.php', 98)
 2 SYSTEMPATH\View\View.php(226): include('D:\\SEMESTER 5\\web2\\Digitalmasjid\\app\\Views\\Kasmasuk\\view_kasmasuk.php')
 3 SYSTEMPATH\View\View.php(229): CodeIgniter\View\View->CodeIgniter\View\{closure}()
 4 SYSTEMPATH\Common.php(1188): CodeIgniter\View\View->render('kasmasuk/view_kasmasuk', [], true)
 5 APPPATH\Controllers\Kasmasuk.php(15): view('kasmasuk/view_kasmasuk', [...])
 6 SYSTEMPATH\CodeIgniter.php(919): App\Controllers\Kasmasuk->index()
 7 SYSTEMPATH\CodeIgniter.php(494): CodeIgniter\CodeIgniter->runController(Object(App\Controllers\Kasmasuk))
 8 SYSTEMPATH\CodeIgniter.php(353): CodeIgniter\CodeIgniter->handleRequest(null, Object(Config\Cache), false)
 9 FCPATH\index.php(79): CodeIgniter\CodeIgniter->run()
10 SYSTEMPATH\Commands\Server\rewrite.php(47): require_once('D:\\SEMESTER 5\\web2\\Digitalmasjid\\public\\index.php')
CRITICAL - 2024-01-10 15:05:55 --> Undefined array key "namadonatur"
in APPPATH\Views\Kasmasuk\view_kasmasuk.php on line 98.
 1 APPPATH\Views\Kasmasuk\view_kasmasuk.php(98): CodeIgniter\Debug\Exceptions->errorHandler(2, 'Undefined array key "namadonatur"', 'D:\\SEMESTER 5\\web2\\Digitalmasjid\\app\\Views\\Kasmasuk\\view_kasmasuk.php', 98)
 2 SYSTEMPATH\View\View.php(226): include('D:\\SEMESTER 5\\web2\\Digitalmasjid\\app\\Views\\Kasmasuk\\view_kasmasuk.php')
 3 SYSTEMPATH\View\View.php(229): CodeIgniter\View\View->CodeIgniter\View\{closure}()
 4 SYSTEMPATH\Common.php(1188): CodeIgniter\View\View->render('kasmasuk/view_kasmasuk', [], true)
 5 APPPATH\Controllers\Kasmasuk.php(15): view('kasmasuk/view_kasmasuk', [...])
 6 SYSTEMPATH\CodeIgniter.php(919): App\Controllers\Kasmasuk->index()
 7 SYSTEMPATH\CodeIgniter.php(494): CodeIgniter\CodeIgniter->runController(Object(App\Controllers\Kasmasuk))
 8 SYSTEMPATH\CodeIgniter.php(353): CodeIgniter\CodeIgniter->handleRequest(null, Object(Config\Cache), false)
 9 FCPATH\index.php(79): CodeIgniter\CodeIgniter->run()
10 SYSTEMPATH\Commands\Server\rewrite.php(47): require_once('D:\\SEMESTER 5\\web2\\Digitalmasjid\\public\\index.php')
CRITICAL - 2024-01-10 15:05:56 --> Undefined array key "namadonatur"
in APPPATH\Views\Kasmasuk\view_kasmasuk.php on line 98.
 1 APPPATH\Views\Kasmasuk\view_kasmasuk.php(98): CodeIgniter\Debug\Exceptions->errorHandler(2, 'Undefined array key "namadonatur"', 'D:\\SEMESTER 5\\web2\\Digitalmasjid\\app\\Views\\Kasmasuk\\view_kasmasuk.php', 98)
 2 SYSTEMPATH\View\View.php(226): include('D:\\SEMESTER 5\\web2\\Digitalmasjid\\app\\Views\\Kasmasuk\\view_kasmasuk.php')
 3 SYSTEMPATH\View\View.php(229): CodeIgniter\View\View->CodeIgniter\View\{closure}()
 4 SYSTEMPATH\Common.php(1188): CodeIgniter\View\View->render('kasmasuk/view_kasmasuk', [], true)
 5 APPPATH\Controllers\Kasmasuk.php(15): view('kasmasuk/view_kasmasuk', [...])
 6 SYSTEMPATH\CodeIgniter.php(919): App\Controllers\Kasmasuk->index()
 7 SYSTEMPATH\CodeIgniter.php(494): CodeIgniter\CodeIgniter->runController(Object(App\Controllers\Kasmasuk))
 8 SYSTEMPATH\CodeIgniter.php(353): CodeIgniter\CodeIgniter->handleRequest(null, Object(Config\Cache), false)
 9 FCPATH\index.php(79): CodeIgniter\CodeIgniter->run()
10 SYSTEMPATH\Commands\Server\rewrite.php(47): require_once('D:\\SEMESTER 5\\web2\\Digitalmasjid\\public\\index.php')
INFO - 2024-01-10 08:05:58 --> Session: Class initialized using 'CodeIgniter\Session\Handlers\FileHandler' driver.
INFO - 2024-01-10 08:06:00 --> Session: Class initialized using 'CodeIgniter\Session\Handlers\FileHandler' driver.
CRITICAL - 2024-01-10 15:06:14 --> Undefined array key "namadonatur"
in APPPATH\Views\Kasmasuk\view_kasmasuk.php on line 98.
 1 APPPATH\Views\Kasmasuk\view_kasmasuk.php(98): CodeIgniter\Debug\Exceptions->errorHandler(2, 'Undefined array key "namadonatur"', 'D:\\SEMESTER 5\\web2\\Digitalmasjid\\app\\Views\\Kasmasuk\\view_kasmasuk.php', 98)
 2 SYSTEMPATH\View\View.php(226): include('D:\\SEMESTER 5\\web2\\Digitalmasjid\\app\\Views\\Kasmasuk\\view_kasmasuk.php')
 3 SYSTEMPATH\View\View.php(229): CodeIgniter\View\View->CodeIgniter\View\{closure}()
 4 SYSTEMPATH\Common.php(1188): CodeIgniter\View\View->render('kasmasuk/view_kasmasuk', [], true)
 5 APPPATH\Controllers\Kasmasuk.php(15): view('kasmasuk/view_kasmasuk', [...])
 6 SYSTEMPATH\CodeIgniter.php(919): App\Controllers\Kasmasuk->index()
 7 SYSTEMPATH\CodeIgniter.php(494): CodeIgniter\CodeIgniter->runController(Object(App\Controllers\Kasmasuk))
 8 SYSTEMPATH\CodeIgniter.php(353): CodeIgniter\CodeIgniter->handleRequest(null, Object(Config\Cache), false)
 9 FCPATH\index.php(79): CodeIgniter\CodeIgniter->run()
10 SYSTEMPATH\Commands\Server\rewrite.php(47): require_once('D:\\SEMESTER 5\\web2\\Digitalmasjid\\public\\index.php')
CRITICAL - 2024-01-10 15:09:33 --> Undefined array key "namadonatur"
in APPPATH\Views\Kasmasuk\view_kasmasuk.php on line 98.
 1 APPPATH\Views\Kasmasuk\view_kasmasuk.php(98): CodeIgniter\Debug\Exceptions->errorHandler(2, 'Undefined array key "namadonatur"', 'D:\\SEMESTER 5\\web2\\Digitalmasjid\\app\\Views\\Kasmasuk\\view_kasmasuk.php', 98)
 2 SYSTEMPATH\View\View.php(226): include('D:\\SEMESTER 5\\web2\\Digitalmasjid\\app\\Views\\Kasmasuk\\view_kasmasuk.php')
 3 SYSTEMPATH\View\View.php(229): CodeIgniter\View\View->CodeIgniter\View\{closure}()
 4 SYSTEMPATH\Common.php(1188): CodeIgniter\View\View->render('kasmasuk/view_kasmasuk', [], true)
 5 APPPATH\Controllers\Kasmasuk.php(15): view('kasmasuk/view_kasmasuk', [...])
 6 SYSTEMPATH\CodeIgniter.php(919): App\Controllers\Kasmasuk->index()
 7 SYSTEMPATH\CodeIgniter.php(494): CodeIgniter\CodeIgniter->runController(Object(App\Controllers\Kasmasuk))
 8 SYSTEMPATH\CodeIgniter.php(353): CodeIgniter\CodeIgniter->handleRequest(null, Object(Config\Cache), false)
 9 FCPATH\index.php(79): CodeIgniter\CodeIgniter->run()
10 SYSTEMPATH\Commands\Server\rewrite.php(47): require_once('D:\\SEMESTER 5\\web2\\Digitalmasjid\\public\\index.php')
CRITICAL - 2024-01-10 15:09:34 --> Undefined array key "namadonatur"
in APPPATH\Views\Kasmasuk\view_kasmasuk.php on line 98.
 1 APPPATH\Views\Kasmasuk\view_kasmasuk.php(98): CodeIgniter\Debug\Exceptions->errorHandler(2, 'Undefined array key "namadonatur"', 'D:\\SEMESTER 5\\web2\\Digitalmasjid\\app\\Views\\Kasmasuk\\view_kasmasuk.php', 98)
 2 SYSTEMPATH\View\View.php(226): include('D:\\SEMESTER 5\\web2\\Digitalmasjid\\app\\Views\\Kasmasuk\\view_kasmasuk.php')
 3 SYSTEMPATH\View\View.php(229): CodeIgniter\View\View->CodeIgniter\View\{closure}()
 4 SYSTEMPATH\Common.php(1188): CodeIgniter\View\View->render('kasmasuk/view_kasmasuk', [], true)
 5 APPPATH\Controllers\Kasmasuk.php(15): view('kasmasuk/view_kasmasuk', [...])
 6 SYSTEMPATH\CodeIgniter.php(919): App\Controllers\Kasmasuk->index()
 7 SYSTEMPATH\CodeIgniter.php(494): CodeIgniter\CodeIgniter->runController(Object(App\Controllers\Kasmasuk))
 8 SYSTEMPATH\CodeIgniter.php(353): CodeIgniter\CodeIgniter->handleRequest(null, Object(Config\Cache), false)
 9 FCPATH\index.php(79): CodeIgniter\CodeIgniter->run()
10 SYSTEMPATH\Commands\Server\rewrite.php(47): require_once('D:\\SEMESTER 5\\web2\\Digitalmasjid\\public\\index.php')
INFO - 2024-01-10 08:09:35 --> Session: Class initialized using 'CodeIgniter\Session\Handlers\FileHandler' driver.
CRITICAL - 2024-01-10 15:09:39 --> Undefined array key "namadonatur"
in APPPATH\Views\Kasmasuk\view_kasmasuk.php on line 98.
 1 APPPATH\Views\Kasmasuk\view_kasmasuk.php(98): CodeIgniter\Debug\Exceptions->errorHandler(2, 'Undefined array key "namadonatur"', 'D:\\SEMESTER 5\\web2\\Digitalmasjid\\app\\Views\\Kasmasuk\\view_kasmasuk.php', 98)
 2 SYSTEMPATH\View\View.php(226): include('D:\\SEMESTER 5\\web2\\Digitalmasjid\\app\\Views\\Kasmasuk\\view_kasmasuk.php')
 3 SYSTEMPATH\View\View.php(229): CodeIgniter\View\View->CodeIgniter\View\{closure}()
 4 SYSTEMPATH\Common.php(1188): CodeIgniter\View\View->render('kasmasuk/view_kasmasuk', [], true)
 5 APPPATH\Controllers\Kasmasuk.php(15): view('kasmasuk/view_kasmasuk', [...])
 6 SYSTEMPATH\CodeIgniter.php(919): App\Controllers\Kasmasuk->index()
 7 SYSTEMPATH\CodeIgniter.php(494): CodeIgniter\CodeIgniter->runController(Object(App\Controllers\Kasmasuk))
 8 SYSTEMPATH\CodeIgniter.php(353): CodeIgniter\CodeIgniter->handleRequest(null, Object(Config\Cache), false)
 9 FCPATH\index.php(79): CodeIgniter\CodeIgniter->run()
10 SYSTEMPATH\Commands\Server\rewrite.php(47): require_once('D:\\SEMESTER 5\\web2\\Digitalmasjid\\public\\index.php')
CRITICAL - 2024-01-10 15:12:08 --> Undefined array key "namadonatur"
in APPPATH\Views\Kasmasuk\view_kasmasuk.php on line 98.
 1 APPPATH\Views\Kasmasuk\view_kasmasuk.php(98): CodeIgniter\Debug\Exceptions->errorHandler(2, 'Undefined array key "namadonatur"', 'D:\\SEMESTER 5\\web2\\Digitalmasjid\\app\\Views\\Kasmasuk\\view_kasmasuk.php', 98)
 2 SYSTEMPATH\View\View.php(226): include('D:\\SEMESTER 5\\web2\\Digitalmasjid\\app\\Views\\Kasmasuk\\view_kasmasuk.php')
 3 SYSTEMPATH\View\View.php(229): CodeIgniter\View\View->CodeIgniter\View\{closure}()
 4 SYSTEMPATH\Common.php(1188): CodeIgniter\View\View->render('kasmasuk/view_kasmasuk', [], true)
 5 APPPATH\Controllers\Kasmasuk.php(15): view('kasmasuk/view_kasmasuk', [...])
 6 SYSTEMPATH\CodeIgniter.php(919): App\Controllers\Kasmasuk->index()
 7 SYSTEMPATH\CodeIgniter.php(494): CodeIgniter\CodeIgniter->runController(Object(App\Controllers\Kasmasuk))
 8 SYSTEMPATH\CodeIgniter.php(353): CodeIgniter\CodeIgniter->handleRequest(null, Object(Config\Cache), false)
 9 FCPATH\index.php(79): CodeIgniter\CodeIgniter->run()
10 SYSTEMPATH\Commands\Server\rewrite.php(47): require_once('D:\\SEMESTER 5\\web2\\Digitalmasjid\\public\\index.php')
CRITICAL - 2024-01-10 15:12:11 --> Undefined array key "namadonatur"
in APPPATH\Views\Kasmasuk\view_kasmasuk.php on line 98.
 1 APPPATH\Views\Kasmasuk\view_kasmasuk.php(98): CodeIgniter\Debug\Exceptions->errorHandler(2, 'Undefined array key "namadonatur"', 'D:\\SEMESTER 5\\web2\\Digitalmasjid\\app\\Views\\Kasmasuk\\view_kasmasuk.php', 98)
 2 SYSTEMPATH\View\View.php(226): include('D:\\SEMESTER 5\\web2\\Digitalmasjid\\app\\Views\\Kasmasuk\\view_kasmasuk.php')
 3 SYSTEMPATH\View\View.php(229): CodeIgniter\View\View->CodeIgniter\View\{closure}()
 4 SYSTEMPATH\Common.php(1188): CodeIgniter\View\View->render('kasmasuk/view_kasmasuk', [], true)
 5 APPPATH\Controllers\Kasmasuk.php(15): view('kasmasuk/view_kasmasuk', [...])
 6 SYSTEMPATH\CodeIgniter.php(919): App\Controllers\Kasmasuk->index()
 7 SYSTEMPATH\CodeIgniter.php(494): CodeIgniter\CodeIgniter->runController(Object(App\Controllers\Kasmasuk))
 8 SYSTEMPATH\CodeIgniter.php(353): CodeIgniter\CodeIgniter->handleRequest(null, Object(Config\Cache), false)
 9 FCPATH\index.php(79): CodeIgniter\CodeIgniter->run()
10 SYSTEMPATH\Commands\Server\rewrite.php(47): require_once('D:\\SEMESTER 5\\web2\\Digitalmasjid\\public\\index.php')
CRITICAL - 2024-01-10 15:13:51 --> Undefined array key "namadonatur"
in APPPATH\Views\Kasmasuk\view_kasmasuk.php on line 98.
 1 APPPATH\Views\Kasmasuk\view_kasmasuk.php(98): CodeIgniter\Debug\Exceptions->errorHandler(2, 'Undefined array key "namadonatur"', 'D:\\SEMESTER 5\\web2\\Digitalmasjid\\app\\Views\\Kasmasuk\\view_kasmasuk.php', 98)
 2 SYSTEMPATH\View\View.php(226): include('D:\\SEMESTER 5\\web2\\Digitalmasjid\\app\\Views\\Kasmasuk\\view_kasmasuk.php')
 3 SYSTEMPATH\View\View.php(229): CodeIgniter\View\View->CodeIgniter\View\{closure}()
 4 SYSTEMPATH\Common.php(1188): CodeIgniter\View\View->render('kasmasuk/view_kasmasuk', [], true)
 5 APPPATH\Controllers\Kasmasuk.php(15): view('kasmasuk/view_kasmasuk', [...])
 6 SYSTEMPATH\CodeIgniter.php(919): App\Controllers\Kasmasuk->index()
 7 SYSTEMPATH\CodeIgniter.php(494): CodeIgniter\CodeIgniter->runController(Object(App\Controllers\Kasmasuk))
 8 SYSTEMPATH\CodeIgniter.php(353): CodeIgniter\CodeIgniter->handleRequest(null, Object(Config\Cache), false)
 9 FCPATH\index.php(79): CodeIgniter\CodeIgniter->run()
10 SYSTEMPATH\Commands\Server\rewrite.php(47): require_once('D:\\SEMESTER 5\\web2\\Digitalmasjid\\public\\index.php')
CRITICAL - 2024-01-10 15:13:52 --> Undefined array key "namadonatur"
in APPPATH\Views\Kasmasuk\view_kasmasuk.php on line 98.
 1 APPPATH\Views\Kasmasuk\view_kasmasuk.php(98): CodeIgniter\Debug\Exceptions->errorHandler(2, 'Undefined array key "namadonatur"', 'D:\\SEMESTER 5\\web2\\Digitalmasjid\\app\\Views\\Kasmasuk\\view_kasmasuk.php', 98)
 2 SYSTEMPATH\View\View.php(226): include('D:\\SEMESTER 5\\web2\\Digitalmasjid\\app\\Views\\Kasmasuk\\view_kasmasuk.php')
 3 SYSTEMPATH\View\View.php(229): CodeIgniter\View\View->CodeIgniter\View\{closure}()
 4 SYSTEMPATH\Common.php(1188): CodeIgniter\View\View->render('kasmasuk/view_kasmasuk', [], true)
 5 APPPATH\Controllers\Kasmasuk.php(15): view('kasmasuk/view_kasmasuk', [...])
 6 SYSTEMPATH\CodeIgniter.php(919): App\Controllers\Kasmasuk->index()
 7 SYSTEMPATH\CodeIgniter.php(494): CodeIgniter\CodeIgniter->runController(Object(App\Controllers\Kasmasuk))
 8 SYSTEMPATH\CodeIgniter.php(353): CodeIgniter\CodeIgniter->handleRequest(null, Object(Config\Cache), false)
 9 FCPATH\index.php(79): CodeIgniter\CodeIgniter->run()
10 SYSTEMPATH\Commands\Server\rewrite.php(47): require_once('D:\\SEMESTER 5\\web2\\Digitalmasjid\\public\\index.php')
INFO - 2024-01-10 08:13:56 --> Session: Class initialized using 'CodeIgniter\Session\Handlers\FileHandler' driver.
INFO - 2024-01-10 08:13:58 --> Session: Class initialized using 'CodeIgniter\Session\Handlers\FileHandler' driver.
INFO - 2024-01-10 08:14:02 --> Session: Class initialized using 'CodeIgniter\Session\Handlers\FileHandler' driver.
INFO - 2024-01-10 08:14:10 --> Session: Class initialized using 'CodeIgniter\Session\Handlers\FileHandler' driver.
INFO - 2024-01-10 08:14:10 --> Session: Class initialized using 'CodeIgniter\Session\Handlers\FileHandler' driver.
CRITICAL - 2024-01-10 15:14:13 --> Undefined array key "namadonatur"
in APPPATH\Views\Kasmasuk\view_kasmasuk.php on line 98.
 1 APPPATH\Views\Kasmasuk\view_kasmasuk.php(98): CodeIgniter\Debug\Exceptions->errorHandler(2, 'Undefined array key "namadonatur"', 'D:\\SEMESTER 5\\web2\\Digitalmasjid\\app\\Views\\Kasmasuk\\view_kasmasuk.php', 98)
 2 SYSTEMPATH\View\View.php(226): include('D:\\SEMESTER 5\\web2\\Digitalmasjid\\app\\Views\\Kasmasuk\\view_kasmasuk.php')
 3 SYSTEMPATH\View\View.php(229): CodeIgniter\View\View->CodeIgniter\View\{closure}()
 4 SYSTEMPATH\Common.php(1188): CodeIgniter\View\View->render('kasmasuk/view_kasmasuk', [], true)
 5 APPPATH\Controllers\Kasmasuk.php(15): view('kasmasuk/view_kasmasuk', [...])
 6 SYSTEMPATH\CodeIgniter.php(919): App\Controllers\Kasmasuk->index()
 7 SYSTEMPATH\CodeIgniter.php(494): CodeIgniter\CodeIgniter->runController(Object(App\Controllers\Kasmasuk))
 8 SYSTEMPATH\CodeIgniter.php(353): CodeIgniter\CodeIgniter->handleRequest(null, Object(Config\Cache), false)
 9 FCPATH\index.php(79): CodeIgniter\CodeIgniter->run()
10 SYSTEMPATH\Commands\Server\rewrite.php(47): require_once('D:\\SEMESTER 5\\web2\\Digitalmasjid\\public\\index.php')
CRITICAL - 2024-01-10 15:14:52 --> Undefined array key "namadonatur"
in APPPATH\Views\Kasmasuk\view_kasmasuk.php on line 98.
 1 APPPATH\Views\Kasmasuk\view_kasmasuk.php(98): CodeIgniter\Debug\Exceptions->errorHandler(2, 'Undefined array key "namadonatur"', 'D:\\SEMESTER 5\\web2\\Digitalmasjid\\app\\Views\\Kasmasuk\\view_kasmasuk.php', 98)
 2 SYSTEMPATH\View\View.php(226): include('D:\\SEMESTER 5\\web2\\Digitalmasjid\\app\\Views\\Kasmasuk\\view_kasmasuk.php')
 3 SYSTEMPATH\View\View.php(229): CodeIgniter\View\View->CodeIgniter\View\{closure}()
 4 SYSTEMPATH\Common.php(1188): CodeIgniter\View\View->render('kasmasuk/view_kasmasuk', [], true)
 5 APPPATH\Controllers\Kasmasuk.php(15): view('kasmasuk/view_kasmasuk', [...])
 6 SYSTEMPATH\CodeIgniter.php(919): App\Controllers\Kasmasuk->index()
 7 SYSTEMPATH\CodeIgniter.php(494): CodeIgniter\CodeIgniter->runController(Object(App\Controllers\Kasmasuk))
 8 SYSTEMPATH\CodeIgniter.php(353): CodeIgniter\CodeIgniter->handleRequest(null, Object(Config\Cache), false)
 9 FCPATH\index.php(79): CodeIgniter\CodeIgniter->run()
10 SYSTEMPATH\Commands\Server\rewrite.php(47): require_once('D:\\SEMESTER 5\\web2\\Digitalmasjid\\public\\index.php')
CRITICAL - 2024-01-10 15:14:53 --> Undefined array key "namadonatur"
in APPPATH\Views\Kasmasuk\view_kasmasuk.php on line 98.
 1 APPPATH\Views\Kasmasuk\view_kasmasuk.php(98): CodeIgniter\Debug\Exceptions->errorHandler(2, 'Undefined array key "namadonatur"', 'D:\\SEMESTER 5\\web2\\Digitalmasjid\\app\\Views\\Kasmasuk\\view_kasmasuk.php', 98)
 2 SYSTEMPATH\View\View.php(226): include('D:\\SEMESTER 5\\web2\\Digitalmasjid\\app\\Views\\Kasmasuk\\view_kasmasuk.php')
 3 SYSTEMPATH\View\View.php(229): CodeIgniter\View\View->CodeIgniter\View\{closure}()
 4 SYSTEMPATH\Common.php(1188): CodeIgniter\View\View->render('kasmasuk/view_kasmasuk', [], true)
 5 APPPATH\Controllers\Kasmasuk.php(15): view('kasmasuk/view_kasmasuk', [...])
 6 SYSTEMPATH\CodeIgniter.php(919): App\Controllers\Kasmasuk->index()
 7 SYSTEMPATH\CodeIgniter.php(494): CodeIgniter\CodeIgniter->runController(Object(App\Controllers\Kasmasuk))
 8 SYSTEMPATH\CodeIgniter.php(353): CodeIgniter\CodeIgniter->handleRequest(null, Object(Config\Cache), false)
 9 FCPATH\index.php(79): CodeIgniter\CodeIgniter->run()
10 SYSTEMPATH\Commands\Server\rewrite.php(47): require_once('D:\\SEMESTER 5\\web2\\Digitalmasjid\\public\\index.php')
CRITICAL - 2024-01-10 15:14:53 --> Undefined array key "namadonatur"
in APPPATH\Views\Kasmasuk\view_kasmasuk.php on line 98.
 1 APPPATH\Views\Kasmasuk\view_kasmasuk.php(98): CodeIgniter\Debug\Exceptions->errorHandler(2, 'Undefined array key "namadonatur"', 'D:\\SEMESTER 5\\web2\\Digitalmasjid\\app\\Views\\Kasmasuk\\view_kasmasuk.php', 98)
 2 SYSTEMPATH\View\View.php(226): include('D:\\SEMESTER 5\\web2\\Digitalmasjid\\app\\Views\\Kasmasuk\\view_kasmasuk.php')
 3 SYSTEMPATH\View\View.php(229): CodeIgniter\View\View->CodeIgniter\View\{closure}()
 4 SYSTEMPATH\Common.php(1188): CodeIgniter\View\View->render('kasmasuk/view_kasmasuk', [], true)
 5 APPPATH\Controllers\Kasmasuk.php(15): view('kasmasuk/view_kasmasuk', [...])
 6 SYSTEMPATH\CodeIgniter.php(919): App\Controllers\Kasmasuk->index()
 7 SYSTEMPATH\CodeIgniter.php(494): CodeIgniter\CodeIgniter->runController(Object(App\Controllers\Kasmasuk))
 8 SYSTEMPATH\CodeIgniter.php(353): CodeIgniter\CodeIgniter->handleRequest(null, Object(Config\Cache), false)
 9 FCPATH\index.php(79): CodeIgniter\CodeIgniter->run()
10 SYSTEMPATH\Commands\Server\rewrite.php(47): require_once('D:\\SEMESTER 5\\web2\\Digitalmasjid\\public\\index.php')
CRITICAL - 2024-01-10 15:14:54 --> Undefined array key "namadonatur"
in APPPATH\Views\Kasmasuk\view_kasmasuk.php on line 98.
 1 APPPATH\Views\Kasmasuk\view_kasmasuk.php(98): CodeIgniter\Debug\Exceptions->errorHandler(2, 'Undefined array key "namadonatur"', 'D:\\SEMESTER 5\\web2\\Digitalmasjid\\app\\Views\\Kasmasuk\\view_kasmasuk.php', 98)
 2 SYSTEMPATH\View\View.php(226): include('D:\\SEMESTER 5\\web2\\Digitalmasjid\\app\\Views\\Kasmasuk\\view_kasmasuk.php')
 3 SYSTEMPATH\View\View.php(229): CodeIgniter\View\View->CodeIgniter\View\{closure}()
 4 SYSTEMPATH\Common.php(1188): CodeIgniter\View\View->render('kasmasuk/view_kasmasuk', [], true)
 5 APPPATH\Controllers\Kasmasuk.php(15): view('kasmasuk/view_kasmasuk', [...])
 6 SYSTEMPATH\CodeIgniter.php(919): App\Controllers\Kasmasuk->index()
 7 SYSTEMPATH\CodeIgniter.php(494): CodeIgniter\CodeIgniter->runController(Object(App\Controllers\Kasmasuk))
 8 SYSTEMPATH\CodeIgniter.php(353): CodeIgniter\CodeIgniter->handleRequest(null, Object(Config\Cache), false)
 9 FCPATH\index.php(79): CodeIgniter\CodeIgniter->run()
10 SYSTEMPATH\Commands\Server\rewrite.php(47): require_once('D:\\SEMESTER 5\\web2\\Digitalmasjid\\public\\index.php')
CRITICAL - 2024-01-10 15:14:54 --> Undefined array key "namadonatur"
in APPPATH\Views\Kasmasuk\view_kasmasuk.php on line 98.
 1 APPPATH\Views\Kasmasuk\view_kasmasuk.php(98): CodeIgniter\Debug\Exceptions->errorHandler(2, 'Undefined array key "namadonatur"', 'D:\\SEMESTER 5\\web2\\Digitalmasjid\\app\\Views\\Kasmasuk\\view_kasmasuk.php', 98)
 2 SYSTEMPATH\View\View.php(226): include('D:\\SEMESTER 5\\web2\\Digitalmasjid\\app\\Views\\Kasmasuk\\view_kasmasuk.php')
 3 SYSTEMPATH\View\View.php(229): CodeIgniter\View\View->CodeIgniter\View\{closure}()
 4 SYSTEMPATH\Common.php(1188): CodeIgniter\View\View->render('kasmasuk/view_kasmasuk', [], true)
 5 APPPATH\Controllers\Kasmasuk.php(15): view('kasmasuk/view_kasmasuk', [...])
 6 SYSTEMPATH\CodeIgniter.php(919): App\Controllers\Kasmasuk->index()
 7 SYSTEMPATH\CodeIgniter.php(494): CodeIgniter\CodeIgniter->runController(Object(App\Controllers\Kasmasuk))
 8 SYSTEMPATH\CodeIgniter.php(353): CodeIgniter\CodeIgniter->handleRequest(null, Object(Config\Cache), false)
 9 FCPATH\index.php(79): CodeIgniter\CodeIgniter->run()
10 SYSTEMPATH\Commands\Server\rewrite.php(47): require_once('D:\\SEMESTER 5\\web2\\Digitalmasjid\\public\\index.php')
CRITICAL - 2024-01-10 15:14:54 --> Undefined array key "namadonatur"
in APPPATH\Views\Kasmasuk\view_kasmasuk.php on line 98.
 1 APPPATH\Views\Kasmasuk\view_kasmasuk.php(98): CodeIgniter\Debug\Exceptions->errorHandler(2, 'Undefined array key "namadonatur"', 'D:\\SEMESTER 5\\web2\\Digitalmasjid\\app\\Views\\Kasmasuk\\view_kasmasuk.php', 98)
 2 SYSTEMPATH\View\View.php(226): include('D:\\SEMESTER 5\\web2\\Digitalmasjid\\app\\Views\\Kasmasuk\\view_kasmasuk.php')
 3 SYSTEMPATH\View\View.php(229): CodeIgniter\View\View->CodeIgniter\View\{closure}()
 4 SYSTEMPATH\Common.php(1188): CodeIgniter\View\View->render('kasmasuk/view_kasmasuk', [], true)
 5 APPPATH\Controllers\Kasmasuk.php(15): view('kasmasuk/view_kasmasuk', [...])
 6 SYSTEMPATH\CodeIgniter.php(919): App\Controllers\Kasmasuk->index()
 7 SYSTEMPATH\CodeIgniter.php(494): CodeIgniter\CodeIgniter->runController(Object(App\Controllers\Kasmasuk))
 8 SYSTEMPATH\CodeIgniter.php(353): CodeIgniter\CodeIgniter->handleRequest(null, Object(Config\Cache), false)
 9 FCPATH\index.php(79): CodeIgniter\CodeIgniter->run()
10 SYSTEMPATH\Commands\Server\rewrite.php(47): require_once('D:\\SEMESTER 5\\web2\\Digitalmasjid\\public\\index.php')
CRITICAL - 2024-01-10 15:16:43 --> Undefined array key "namadonatur"
in APPPATH\Views\Kasmasuk\view_kasmasuk.php on line 98.
 1 APPPATH\Views\Kasmasuk\view_kasmasuk.php(98): CodeIgniter\Debug\Exceptions->errorHandler(2, 'Undefined array key "namadonatur"', 'D:\\SEMESTER 5\\web2\\Digitalmasjid\\app\\Views\\Kasmasuk\\view_kasmasuk.php', 98)
 2 SYSTEMPATH\View\View.php(226): include('D:\\SEMESTER 5\\web2\\Digitalmasjid\\app\\Views\\Kasmasuk\\view_kasmasuk.php')
 3 SYSTEMPATH\View\View.php(229): CodeIgniter\View\View->CodeIgniter\View\{closure}()
 4 SYSTEMPATH\Common.php(1188): CodeIgniter\View\View->render('kasmasuk/view_kasmasuk', [], true)
 5 APPPATH\Controllers\Kasmasuk.php(15): view('kasmasuk/view_kasmasuk', [...])
 6 SYSTEMPATH\CodeIgniter.php(919): App\Controllers\Kasmasuk->index()
 7 SYSTEMPATH\CodeIgniter.php(494): CodeIgniter\CodeIgniter->runController(Object(App\Controllers\Kasmasuk))
 8 SYSTEMPATH\CodeIgniter.php(353): CodeIgniter\CodeIgniter->handleRequest(null, Object(Config\Cache), false)
 9 FCPATH\index.php(79): CodeIgniter\CodeIgniter->run()
10 SYSTEMPATH\Commands\Server\rewrite.php(47): require_once('D:\\SEMESTER 5\\web2\\Digitalmasjid\\public\\index.php')
CRITICAL - 2024-01-10 15:18:22 --> Undefined array key "nama"
in APPPATH\Views\Kasmasuk\view_kasmasuk.php on line 98.
 1 APPPATH\Views\Kasmasuk\view_kasmasuk.php(98): CodeIgniter\Debug\Exceptions->errorHandler(2, 'Undefined array key "nama"', 'D:\\SEMESTER 5\\web2\\Digitalmasjid\\app\\Views\\Kasmasuk\\view_kasmasuk.php', 98)
 2 SYSTEMPATH\View\View.php(226): include('D:\\SEMESTER 5\\web2\\Digitalmasjid\\app\\Views\\Kasmasuk\\view_kasmasuk.php')
 3 SYSTEMPATH\View\View.php(229): CodeIgniter\View\View->CodeIgniter\View\{closure}()
 4 SYSTEMPATH\Common.php(1188): CodeIgniter\View\View->render('kasmasuk/view_kasmasuk', [], true)
 5 APPPATH\Controllers\Kasmasuk.php(15): view('kasmasuk/view_kasmasuk', [...])
 6 SYSTEMPATH\CodeIgniter.php(919): App\Controllers\Kasmasuk->index()
 7 SYSTEMPATH\CodeIgniter.php(494): CodeIgniter\CodeIgniter->runController(Object(App\Controllers\Kasmasuk))
 8 SYSTEMPATH\CodeIgniter.php(353): CodeIgniter\CodeIgniter->handleRequest(null, Object(Config\Cache), false)
 9 FCPATH\index.php(79): CodeIgniter\CodeIgniter->run()
10 SYSTEMPATH\Commands\Server\rewrite.php(47): require_once('D:\\SEMESTER 5\\web2\\Digitalmasjid\\public\\index.php')
CRITICAL - 2024-01-10 15:18:53 --> Undefined array key "nama"
in APPPATH\Views\Kasmasuk\view_kasmasuk.php on line 98.
 1 APPPATH\Views\Kasmasuk\view_kasmasuk.php(98): CodeIgniter\Debug\Exceptions->errorHandler(2, 'Undefined array key "nama"', 'D:\\SEMESTER 5\\web2\\Digitalmasjid\\app\\Views\\Kasmasuk\\view_kasmasuk.php', 98)
 2 SYSTEMPATH\View\View.php(226): include('D:\\SEMESTER 5\\web2\\Digitalmasjid\\app\\Views\\Kasmasuk\\view_kasmasuk.php')
 3 SYSTEMPATH\View\View.php(229): CodeIgniter\View\View->CodeIgniter\View\{closure}()
 4 SYSTEMPATH\Common.php(1188): CodeIgniter\View\View->render('kasmasuk/view_kasmasuk', [], true)
 5 APPPATH\Controllers\Kasmasuk.php(15): view('kasmasuk/view_kasmasuk', [...])
 6 SYSTEMPATH\CodeIgniter.php(919): App\Controllers\Kasmasuk->index()
 7 SYSTEMPATH\CodeIgniter.php(494): CodeIgniter\CodeIgniter->runController(Object(App\Controllers\Kasmasuk))
 8 SYSTEMPATH\CodeIgniter.php(353): CodeIgniter\CodeIgniter->handleRequest(null, Object(Config\Cache), false)
 9 FCPATH\index.php(79): CodeIgniter\CodeIgniter->run()
10 SYSTEMPATH\Commands\Server\rewrite.php(47): require_once('D:\\SEMESTER 5\\web2\\Digitalmasjid\\public\\index.php')
CRITICAL - 2024-01-10 15:18:54 --> Undefined array key "nama"
in APPPATH\Views\Kasmasuk\view_kasmasuk.php on line 98.
 1 APPPATH\Views\Kasmasuk\view_kasmasuk.php(98): CodeIgniter\Debug\Exceptions->errorHandler(2, 'Undefined array key "nama"', 'D:\\SEMESTER 5\\web2\\Digitalmasjid\\app\\Views\\Kasmasuk\\view_kasmasuk.php', 98)
 2 SYSTEMPATH\View\View.php(226): include('D:\\SEMESTER 5\\web2\\Digitalmasjid\\app\\Views\\Kasmasuk\\view_kasmasuk.php')
 3 SYSTEMPATH\View\View.php(229): CodeIgniter\View\View->CodeIgniter\View\{closure}()
 4 SYSTEMPATH\Common.php(1188): CodeIgniter\View\View->render('kasmasuk/view_kasmasuk', [], true)
 5 APPPATH\Controllers\Kasmasuk.php(15): view('kasmasuk/view_kasmasuk', [...])
 6 SYSTEMPATH\CodeIgniter.php(919): App\Controllers\Kasmasuk->index()
 7 SYSTEMPATH\CodeIgniter.php(494): CodeIgniter\CodeIgniter->runController(Object(App\Controllers\Kasmasuk))
 8 SYSTEMPATH\CodeIgniter.php(353): CodeIgniter\CodeIgniter->handleRequest(null, Object(Config\Cache), false)
 9 FCPATH\index.php(79): CodeIgniter\CodeIgniter->run()
10 SYSTEMPATH\Commands\Server\rewrite.php(47): require_once('D:\\SEMESTER 5\\web2\\Digitalmasjid\\public\\index.php')
CRITICAL - 2024-01-10 15:18:55 --> Undefined array key "nama"
in APPPATH\Views\Kasmasuk\view_kasmasuk.php on line 98.
 1 APPPATH\Views\Kasmasuk\view_kasmasuk.php(98): CodeIgniter\Debug\Exceptions->errorHandler(2, 'Undefined array key "nama"', 'D:\\SEMESTER 5\\web2\\Digitalmasjid\\app\\Views\\Kasmasuk\\view_kasmasuk.php', 98)
 2 SYSTEMPATH\View\View.php(226): include('D:\\SEMESTER 5\\web2\\Digitalmasjid\\app\\Views\\Kasmasuk\\view_kasmasuk.php')
 3 SYSTEMPATH\View\View.php(229): CodeIgniter\View\View->CodeIgniter\View\{closure}()
 4 SYSTEMPATH\Common.php(1188): CodeIgniter\View\View->render('kasmasuk/view_kasmasuk', [], true)
 5 APPPATH\Controllers\Kasmasuk.php(15): view('kasmasuk/view_kasmasuk', [...])
 6 SYSTEMPATH\CodeIgniter.php(919): App\Controllers\Kasmasuk->index()
 7 SYSTEMPATH\CodeIgniter.php(494): CodeIgniter\CodeIgniter->runController(Object(App\Controllers\Kasmasuk))
 8 SYSTEMPATH\CodeIgniter.php(353): CodeIgniter\CodeIgniter->handleRequest(null, Object(Config\Cache), false)
 9 FCPATH\index.php(79): CodeIgniter\CodeIgniter->run()
10 SYSTEMPATH\Commands\Server\rewrite.php(47): require_once('D:\\SEMESTER 5\\web2\\Digitalmasjid\\public\\index.php')
INFO - 2024-01-10 08:18:55 --> Session: Class initialized using 'CodeIgniter\Session\Handlers\FileHandler' driver.
INFO - 2024-01-10 08:18:58 --> Session: Class initialized using 'CodeIgniter\Session\Handlers\FileHandler' driver.
CRITICAL - 2024-01-10 15:19:01 --> Undefined array key "nama"
in APPPATH\Views\Kasmasuk\view_kasmasuk.php on line 98.
 1 APPPATH\Views\Kasmasuk\view_kasmasuk.php(98): CodeIgniter\Debug\Exceptions->errorHandler(2, 'Undefined array key "nama"', 'D:\\SEMESTER 5\\web2\\Digitalmasjid\\app\\Views\\Kasmasuk\\view_kasmasuk.php', 98)
 2 SYSTEMPATH\View\View.php(226): include('D:\\SEMESTER 5\\web2\\Digitalmasjid\\app\\Views\\Kasmasuk\\view_kasmasuk.php')
 3 SYSTEMPATH\View\View.php(229): CodeIgniter\View\View->CodeIgniter\View\{closure}()
 4 SYSTEMPATH\Common.php(1188): CodeIgniter\View\View->render('kasmasuk/view_kasmasuk', [], true)
 5 APPPATH\Controllers\Kasmasuk.php(15): view('kasmasuk/view_kasmasuk', [...])
 6 SYSTEMPATH\CodeIgniter.php(919): App\Controllers\Kasmasuk->index()
 7 SYSTEMPATH\CodeIgniter.php(494): CodeIgniter\CodeIgniter->runController(Object(App\Controllers\Kasmasuk))
 8 SYSTEMPATH\CodeIgniter.php(353): CodeIgniter\CodeIgniter->handleRequest(null, Object(Config\Cache), false)
 9 FCPATH\index.php(79): CodeIgniter\CodeIgniter->run()
10 SYSTEMPATH\Commands\Server\rewrite.php(47): require_once('D:\\SEMESTER 5\\web2\\Digitalmasjid\\public\\index.php')
CRITICAL - 2024-01-10 15:20:14 --> Undefined array key "nama"
in APPPATH\Views\Kasmasuk\view_kasmasuk.php on line 98.
 1 APPPATH\Views\Kasmasuk\view_kasmasuk.php(98): CodeIgniter\Debug\Exceptions->errorHandler(2, 'Undefined array key "nama"', 'D:\\SEMESTER 5\\web2\\Digitalmasjid\\app\\Views\\Kasmasuk\\view_kasmasuk.php', 98)
 2 SYSTEMPATH\View\View.php(226): include('D:\\SEMESTER 5\\web2\\Digitalmasjid\\app\\Views\\Kasmasuk\\view_kasmasuk.php')
 3 SYSTEMPATH\View\View.php(229): CodeIgniter\View\View->CodeIgniter\View\{closure}()
 4 SYSTEMPATH\Common.php(1188): CodeIgniter\View\View->render('kasmasuk/view_kasmasuk', [], true)
 5 APPPATH\Controllers\Kasmasuk.php(15): view('kasmasuk/view_kasmasuk', [...])
 6 SYSTEMPATH\CodeIgniter.php(919): App\Controllers\Kasmasuk->index()
 7 SYSTEMPATH\CodeIgniter.php(494): CodeIgniter\CodeIgniter->runController(Object(App\Controllers\Kasmasuk))
 8 SYSTEMPATH\CodeIgniter.php(353): CodeIgniter\CodeIgniter->handleRequest(null, Object(Config\Cache), false)
 9 FCPATH\index.php(79): CodeIgniter\CodeIgniter->run()
10 SYSTEMPATH\Commands\Server\rewrite.php(47): require_once('D:\\SEMESTER 5\\web2\\Digitalmasjid\\public\\index.php')
INFO - 2024-01-10 08:20:17 --> Session: Class initialized using 'CodeIgniter\Session\Handlers\FileHandler' driver.
INFO - 2024-01-10 08:20:20 --> Session: Class initialized using 'CodeIgniter\Session\Handlers\FileHandler' driver.
INFO - 2024-01-10 08:20:26 --> Session: Class initialized using 'CodeIgniter\Session\Handlers\FileHandler' driver.
INFO - 2024-01-10 08:20:26 --> Session: Class initialized using 'CodeIgniter\Session\Handlers\FileHandler' driver.
CRITICAL - 2024-01-10 15:20:30 --> Undefined array key "nama"
in APPPATH\Views\Kasmasuk\view_kasmasuk.php on line 98.
 1 APPPATH\Views\Kasmasuk\view_kasmasuk.php(98): CodeIgniter\Debug\Exceptions->errorHandler(2, 'Undefined array key "nama"', 'D:\\SEMESTER 5\\web2\\Digitalmasjid\\app\\Views\\Kasmasuk\\view_kasmasuk.php', 98)
 2 SYSTEMPATH\View\View.php(226): include('D:\\SEMESTER 5\\web2\\Digitalmasjid\\app\\Views\\Kasmasuk\\view_kasmasuk.php')
 3 SYSTEMPATH\View\View.php(229): CodeIgniter\View\View->CodeIgniter\View\{closure}()
 4 SYSTEMPATH\Common.php(1188): CodeIgniter\View\View->render('kasmasuk/view_kasmasuk', [], true)
 5 APPPATH\Controllers\Kasmasuk.php(15): view('kasmasuk/view_kasmasuk', [...])
 6 SYSTEMPATH\CodeIgniter.php(919): App\Controllers\Kasmasuk->index()
 7 SYSTEMPATH\CodeIgniter.php(494): CodeIgniter\CodeIgniter->runController(Object(App\Controllers\Kasmasuk))
 8 SYSTEMPATH\CodeIgniter.php(353): CodeIgniter\CodeIgniter->handleRequest(null, Object(Config\Cache), false)
 9 FCPATH\index.php(79): CodeIgniter\CodeIgniter->run()
10 SYSTEMPATH\Commands\Server\rewrite.php(47): require_once('D:\\SEMESTER 5\\web2\\Digitalmasjid\\public\\index.php')
ERROR - 2024-01-10 08:22:16 --> mysqli_sql_exception: Table 'dbdigitalmasjid.tbl_kas_mesjid' doesn't exist in D:\SEMESTER 5\web2\Digitalmasjid\system\Database\MySQLi\Connection.php:306
Stack trace:
#0 D:\SEMESTER 5\web2\Digitalmasjid\system\Database\MySQLi\Connection.php(306): mysqli->query('SELECT `id_kas_...', 0)
#1 D:\SEMESTER 5\web2\Digitalmasjid\system\Database\BaseConnection.php(692): CodeIgniter\Database\MySQLi\Connection->execute('SELECT `id_kas_...')
#2 D:\SEMESTER 5\web2\Digitalmasjid\system\Database\BaseConnection.php(606): CodeIgniter\Database\BaseConnection->simpleQuery('SELECT `id_kas_...')
#3 D:\SEMESTER 5\web2\Digitalmasjid\system\Database\BaseBuilder.php(1615): CodeIgniter\Database\BaseConnection->query('SELECT `id_kas_...', Array, false)
#4 D:\SEMESTER 5\web2\Digitalmasjid\app\Models\ModelKasmasuk.php(15): CodeIgniter\Database\BaseBuilder->get()
#5 D:\SEMESTER 5\web2\Digitalmasjid\app\Controllers\Kasmasuk.php(13): App\Models\Modelkasmasuk->getkasmasuk()
#6 D:\SEMESTER 5\web2\Digitalmasjid\system\CodeIgniter.php(919): App\Controllers\Kasmasuk->index()
#7 D:\SEMESTER 5\web2\Digitalmasjid\system\CodeIgniter.php(494): CodeIgniter\CodeIgniter->runController(Object(App\Controllers\Kasmasuk))
#8 D:\SEMESTER 5\web2\Digitalmasjid\system\CodeIgniter.php(353): CodeIgniter\CodeIgniter->handleRequest(NULL, Object(Config\Cache), false)
#9 D:\SEMESTER 5\web2\Digitalmasjid\public\index.php(79): CodeIgniter\CodeIgniter->run()
#10 D:\SEMESTER 5\web2\Digitalmasjid\system\Commands\Server\rewrite.php(47): require_once('D:\\SEMESTER 5\\w...')
#11 {main}
CRITICAL - 2024-01-10 08:22:16 --> Table 'dbdigitalmasjid.tbl_kas_mesjid' doesn't exist
in SYSTEMPATH\Database\BaseConnection.php on line 646.
 1 SYSTEMPATH\Database\BaseBuilder.php(1615): CodeIgniter\Database\BaseConnection->query('SELECT `id_kas_mesjid`, `tanggal`, `nama`, `ket`, `kas_masuk`, `jenis_kas`, `status`
FROM `tbl_kas_mesjid`
JOIN `tbl_donatur` ON `tbl_kas_mesjid`.`iddonaturmasjid` =`tbl_donatur`.`iddonatur`
WHERE `status` = "masuk"', [], false)
 2 APPPATH\Models\ModelKasmasuk.php(15): CodeIgniter\Database\BaseBuilder->get()
 3 APPPATH\Controllers\Kasmasuk.php(13): App\Models\Modelkasmasuk->getkasmasuk()
 4 SYSTEMPATH\CodeIgniter.php(919): App\Controllers\Kasmasuk->index()
 5 SYSTEMPATH\CodeIgniter.php(494): CodeIgniter\CodeIgniter->runController(Object(App\Controllers\Kasmasuk))
 6 SYSTEMPATH\CodeIgniter.php(353): CodeIgniter\CodeIgniter->handleRequest(null, Object(Config\Cache), false)
 7 FCPATH\index.php(79): CodeIgniter\CodeIgniter->run()
 8 SYSTEMPATH\Commands\Server\rewrite.php(47): require_once('D:\\SEMESTER 5\\web2\\Digitalmasjid\\public\\index.php')
ERROR - 2024-01-10 08:22:38 --> mysqli_sql_exception: Table 'dbdigitalmasjid.tbl_kas_mesjid' doesn't exist in D:\SEMESTER 5\web2\Digitalmasjid\system\Database\MySQLi\Connection.php:306
Stack trace:
#0 D:\SEMESTER 5\web2\Digitalmasjid\system\Database\MySQLi\Connection.php(306): mysqli->query('SELECT `id_kas_...', 0)
#1 D:\SEMESTER 5\web2\Digitalmasjid\system\Database\BaseConnection.php(692): CodeIgniter\Database\MySQLi\Connection->execute('SELECT `id_kas_...')
#2 D:\SEMESTER 5\web2\Digitalmasjid\system\Database\BaseConnection.php(606): CodeIgniter\Database\BaseConnection->simpleQuery('SELECT `id_kas_...')
#3 D:\SEMESTER 5\web2\Digitalmasjid\system\Database\BaseBuilder.php(1615): CodeIgniter\Database\BaseConnection->query('SELECT `id_kas_...', Array, false)
#4 D:\SEMESTER 5\web2\Digitalmasjid\app\Models\ModelKasmasuk.php(15): CodeIgniter\Database\BaseBuilder->get()
#5 D:\SEMESTER 5\web2\Digitalmasjid\app\Controllers\Kasmasuk.php(13): App\Models\Modelkasmasuk->getkasmasuk()
#6 D:\SEMESTER 5\web2\Digitalmasjid\system\CodeIgniter.php(919): App\Controllers\Kasmasuk->index()
#7 D:\SEMESTER 5\web2\Digitalmasjid\system\CodeIgniter.php(494): CodeIgniter\CodeIgniter->runController(Object(App\Controllers\Kasmasuk))
#8 D:\SEMESTER 5\web2\Digitalmasjid\system\CodeIgniter.php(353): CodeIgniter\CodeIgniter->handleRequest(NULL, Object(Config\Cache), false)
#9 D:\SEMESTER 5\web2\Digitalmasjid\public\index.php(79): CodeIgniter\CodeIgniter->run()
#10 D:\SEMESTER 5\web2\Digitalmasjid\system\Commands\Server\rewrite.php(47): require_once('D:\\SEMESTER 5\\w...')
#11 {main}
CRITICAL - 2024-01-10 08:22:38 --> Table 'dbdigitalmasjid.tbl_kas_mesjid' doesn't exist
in SYSTEMPATH\Database\BaseConnection.php on line 646.
 1 SYSTEMPATH\Database\BaseBuilder.php(1615): CodeIgniter\Database\BaseConnection->query('SELECT `id_kas_masjid`, `tanggal`, `nama`, `ket`, `kas_masuk`, `jenis_kas`, `status`
FROM `tbl_kas_mesjid`
JOIN `tbl_donatur` ON `tbl_kas_masjid`.`iddonaturmasjid` =`tbl_donatur`.`iddonatur`
WHERE `status` = "masuk"', [], false)
 2 APPPATH\Models\ModelKasmasuk.php(15): CodeIgniter\Database\BaseBuilder->get()
 3 APPPATH\Controllers\Kasmasuk.php(13): App\Models\Modelkasmasuk->getkasmasuk()
 4 SYSTEMPATH\CodeIgniter.php(919): App\Controllers\Kasmasuk->index()
 5 SYSTEMPATH\CodeIgniter.php(494): CodeIgniter\CodeIgniter->runController(Object(App\Controllers\Kasmasuk))
 6 SYSTEMPATH\CodeIgniter.php(353): CodeIgniter\CodeIgniter->handleRequest(null, Object(Config\Cache), false)
 7 FCPATH\index.php(79): CodeIgniter\CodeIgniter->run()
 8 SYSTEMPATH\Commands\Server\rewrite.php(47): require_once('D:\\SEMESTER 5\\web2\\Digitalmasjid\\public\\index.php')
ERROR - 2024-01-10 08:22:39 --> mysqli_sql_exception: Table 'dbdigitalmasjid.tbl_kas_mesjid' doesn't exist in D:\SEMESTER 5\web2\Digitalmasjid\system\Database\MySQLi\Connection.php:306
Stack trace:
#0 D:\SEMESTER 5\web2\Digitalmasjid\system\Database\MySQLi\Connection.php(306): mysqli->query('SELECT `id_kas_...', 0)
#1 D:\SEMESTER 5\web2\Digitalmasjid\system\Database\BaseConnection.php(692): CodeIgniter\Database\MySQLi\Connection->execute('SELECT `id_kas_...')
#2 D:\SEMESTER 5\web2\Digitalmasjid\system\Database\BaseConnection.php(606): CodeIgniter\Database\BaseConnection->simpleQuery('SELECT `id_kas_...')
#3 D:\SEMESTER 5\web2\Digitalmasjid\system\Database\BaseBuilder.php(1615): CodeIgniter\Database\BaseConnection->query('SELECT `id_kas_...', Array, false)
#4 D:\SEMESTER 5\web2\Digitalmasjid\app\Models\ModelKasmasuk.php(15): CodeIgniter\Database\BaseBuilder->get()
#5 D:\SEMESTER 5\web2\Digitalmasjid\app\Controllers\Kasmasuk.php(13): App\Models\Modelkasmasuk->getkasmasuk()
#6 D:\SEMESTER 5\web2\Digitalmasjid\system\CodeIgniter.php(919): App\Controllers\Kasmasuk->index()
#7 D:\SEMESTER 5\web2\Digitalmasjid\system\CodeIgniter.php(494): CodeIgniter\CodeIgniter->runController(Object(App\Controllers\Kasmasuk))
#8 D:\SEMESTER 5\web2\Digitalmasjid\system\CodeIgniter.php(353): CodeIgniter\CodeIgniter->handleRequest(NULL, Object(Config\Cache), false)
#9 D:\SEMESTER 5\web2\Digitalmasjid\public\index.php(79): CodeIgniter\CodeIgniter->run()
#10 D:\SEMESTER 5\web2\Digitalmasjid\system\Commands\Server\rewrite.php(47): require_once('D:\\SEMESTER 5\\w...')
#11 {main}
CRITICAL - 2024-01-10 08:22:39 --> Table 'dbdigitalmasjid.tbl_kas_mesjid' doesn't exist
in SYSTEMPATH\Database\BaseConnection.php on line 646.
 1 SYSTEMPATH\Database\BaseBuilder.php(1615): CodeIgniter\Database\BaseConnection->query('SELECT `id_kas_masjid`, `tanggal`, `nama`, `ket`, `kas_masuk`, `jenis_kas`, `status`
FROM `tbl_kas_mesjid`
JOIN `tbl_donatur` ON `tbl_kas_masjid`.`iddonaturmasjid` =`tbl_donatur`.`iddonatur`
WHERE `status` = "masuk"', [], false)
 2 APPPATH\Models\ModelKasmasuk.php(15): CodeIgniter\Database\BaseBuilder->get()
 3 APPPATH\Controllers\Kasmasuk.php(13): App\Models\Modelkasmasuk->getkasmasuk()
 4 SYSTEMPATH\CodeIgniter.php(919): App\Controllers\Kasmasuk->index()
 5 SYSTEMPATH\CodeIgniter.php(494): CodeIgniter\CodeIgniter->runController(Object(App\Controllers\Kasmasuk))
 6 SYSTEMPATH\CodeIgniter.php(353): CodeIgniter\CodeIgniter->handleRequest(null, Object(Config\Cache), false)
 7 FCPATH\index.php(79): CodeIgniter\CodeIgniter->run()
 8 SYSTEMPATH\Commands\Server\rewrite.php(47): require_once('D:\\SEMESTER 5\\web2\\Digitalmasjid\\public\\index.php')
INFO - 2024-01-10 15:23:10 --> Session: Class initialized using 'CodeIgniter\Session\Handlers\FileHandler' driver.
INFO - 2024-01-10 15:23:32 --> Session: Class initialized using 'CodeIgniter\Session\Handlers\FileHandler' driver.
INFO - 2024-01-10 15:25:00 --> Session: Class initialized using 'CodeIgniter\Session\Handlers\FileHandler' driver.
INFO - 2024-01-10 15:25:20 --> Session: Class initialized using 'CodeIgniter\Session\Handlers\FileHandler' driver.
INFO - 2024-01-10 15:26:33 --> Session: Class initialized using 'CodeIgniter\Session\Handlers\FileHandler' driver.
INFO - 2024-01-10 15:26:46 --> Session: Class initialized using 'CodeIgniter\Session\Handlers\FileHandler' driver.
INFO - 2024-01-10 15:28:57 --> Session: Class initialized using 'CodeIgniter\Session\Handlers\FileHandler' driver.
INFO - 2024-01-10 15:34:02 --> Session: Class initialized using 'CodeIgniter\Session\Handlers\FileHandler' driver.
INFO - 2024-01-10 15:34:21 --> Session: Class initialized using 'CodeIgniter\Session\Handlers\FileHandler' driver.
INFO - 2024-01-10 15:35:12 --> Session: Class initialized using 'CodeIgniter\Session\Handlers\FileHandler' driver.
INFO - 2024-01-10 15:35:18 --> Session: Class initialized using 'CodeIgniter\Session\Handlers\FileHandler' driver.
INFO - 2024-01-10 15:35:32 --> Session: Class initialized using 'CodeIgniter\Session\Handlers\FileHandler' driver.
INFO - 2024-01-10 15:37:05 --> Session: Class initialized using 'CodeIgniter\Session\Handlers\FileHandler' driver.
INFO - 2024-01-10 15:37:20 --> Session: Class initialized using 'CodeIgniter\Session\Handlers\FileHandler' driver.
INFO - 2024-01-10 15:40:12 --> Session: Class initialized using 'CodeIgniter\Session\Handlers\FileHandler' driver.
INFO - 2024-01-10 15:40:16 --> Session: Class initialized using 'CodeIgniter\Session\Handlers\FileHandler' driver.
INFO - 2024-01-10 15:40:30 --> Session: Class initialized using 'CodeIgniter\Session\Handlers\FileHandler' driver.
INFO - 2024-01-10 15:42:22 --> Session: Class initialized using 'CodeIgniter\Session\Handlers\FileHandler' driver.
ERROR - 2024-01-10 08:43:25 --> mysqli_sql_exception: Unknown column 'tbl_kas_masjid.iddonatur' in 'on clause' in D:\SEMESTER 5\web2\Digitalmasjid\system\Database\MySQLi\Connection.php:306
Stack trace:
#0 D:\SEMESTER 5\web2\Digitalmasjid\system\Database\MySQLi\Connection.php(306): mysqli->query('SELECT `id_kas_...', 0)
#1 D:\SEMESTER 5\web2\Digitalmasjid\system\Database\BaseConnection.php(692): CodeIgniter\Database\MySQLi\Connection->execute('SELECT `id_kas_...')
#2 D:\SEMESTER 5\web2\Digitalmasjid\system\Database\BaseConnection.php(606): CodeIgniter\Database\BaseConnection->simpleQuery('SELECT `id_kas_...')
#3 D:\SEMESTER 5\web2\Digitalmasjid\system\Database\BaseBuilder.php(1615): CodeIgniter\Database\BaseConnection->query('SELECT `id_kas_...', Array, false)
#4 D:\SEMESTER 5\web2\Digitalmasjid\app\Models\ModelKasmasuk.php(15): CodeIgniter\Database\BaseBuilder->get()
#5 D:\SEMESTER 5\web2\Digitalmasjid\app\Controllers\Kasmasuk.php(13): App\Models\Modelkasmasuk->getkasmasuk()
#6 D:\SEMESTER 5\web2\Digitalmasjid\system\CodeIgniter.php(919): App\Controllers\Kasmasuk->index()
#7 D:\SEMESTER 5\web2\Digitalmasjid\system\CodeIgniter.php(494): CodeIgniter\CodeIgniter->runController(Object(App\Controllers\Kasmasuk))
#8 D:\SEMESTER 5\web2\Digitalmasjid\system\CodeIgniter.php(353): CodeIgniter\CodeIgniter->handleRequest(NULL, Object(Config\Cache), false)
#9 D:\SEMESTER 5\web2\Digitalmasjid\public\index.php(79): CodeIgniter\CodeIgniter->run()
#10 D:\SEMESTER 5\web2\Digitalmasjid\system\Commands\Server\rewrite.php(47): require_once('D:\\SEMESTER 5\\w...')
#11 {main}
CRITICAL - 2024-01-10 08:43:25 --> Unknown column 'tbl_kas_masjid.iddonatur' in 'on clause'
in SYSTEMPATH\Database\BaseConnection.php on line 646.
 1 SYSTEMPATH\Database\BaseBuilder.php(1615): CodeIgniter\Database\BaseConnection->query('SELECT `id_kas_masjid`, `tanggal`, `nama`, `ket`, `kas_masuk`, `jenis_kas`, `status`
FROM `tbl_kas_masjid`
JOIN `tbl_donatur` ON `tbl_kas_masjid`.`iddonatur` =`tbl_donatur`.`iddonatur`
WHERE `status` = "masuk"', [], false)
 2 APPPATH\Models\ModelKasmasuk.php(15): CodeIgniter\Database\BaseBuilder->get()
 3 APPPATH\Controllers\Kasmasuk.php(13): App\Models\Modelkasmasuk->getkasmasuk()
 4 SYSTEMPATH\CodeIgniter.php(919): App\Controllers\Kasmasuk->index()
 5 SYSTEMPATH\CodeIgniter.php(494): CodeIgniter\CodeIgniter->runController(Object(App\Controllers\Kasmasuk))
 6 SYSTEMPATH\CodeIgniter.php(353): CodeIgniter\CodeIgniter->handleRequest(null, Object(Config\Cache), false)
 7 FCPATH\index.php(79): CodeIgniter\CodeIgniter->run()
 8 SYSTEMPATH\Commands\Server\rewrite.php(47): require_once('D:\\SEMESTER 5\\web2\\Digitalmasjid\\public\\index.php')
ERROR - 2024-01-10 08:43:54 --> mysqli_sql_exception: Unknown column 'tbl_donatur.iddonaturmasjid' in 'on clause' in D:\SEMESTER 5\web2\Digitalmasjid\system\Database\MySQLi\Connection.php:306
Stack trace:
#0 D:\SEMESTER 5\web2\Digitalmasjid\system\Database\MySQLi\Connection.php(306): mysqli->query('SELECT `id_kas_...', 0)
#1 D:\SEMESTER 5\web2\Digitalmasjid\system\Database\BaseConnection.php(692): CodeIgniter\Database\MySQLi\Connection->execute('SELECT `id_kas_...')
#2 D:\SEMESTER 5\web2\Digitalmasjid\system\Database\BaseConnection.php(606): CodeIgniter\Database\BaseConnection->simpleQuery('SELECT `id_kas_...')
#3 D:\SEMESTER 5\web2\Digitalmasjid\system\Database\BaseBuilder.php(1615): CodeIgniter\Database\BaseConnection->query('SELECT `id_kas_...', Array, false)
#4 D:\SEMESTER 5\web2\Digitalmasjid\app\Models\ModelKasmasuk.php(15): CodeIgniter\Database\BaseBuilder->get()
#5 D:\SEMESTER 5\web2\Digitalmasjid\app\Controllers\Kasmasuk.php(13): App\Models\Modelkasmasuk->getkasmasuk()
#6 D:\SEMESTER 5\web2\Digitalmasjid\system\CodeIgniter.php(919): App\Controllers\Kasmasuk->index()
#7 D:\SEMESTER 5\web2\Digitalmasjid\system\CodeIgniter.php(494): CodeIgniter\CodeIgniter->runController(Object(App\Controllers\Kasmasuk))
#8 D:\SEMESTER 5\web2\Digitalmasjid\system\CodeIgniter.php(353): CodeIgniter\CodeIgniter->handleRequest(NULL, Object(Config\Cache), false)
#9 D:\SEMESTER 5\web2\Digitalmasjid\public\index.php(79): CodeIgniter\CodeIgniter->run()
#10 D:\SEMESTER 5\web2\Digitalmasjid\system\Commands\Server\rewrite.php(47): require_once('D:\\SEMESTER 5\\w...')
#11 {main}
CRITICAL - 2024-01-10 08:43:54 --> Unknown column 'tbl_donatur.iddonaturmasjid' in 'on clause'
in SYSTEMPATH\Database\BaseConnection.php on line 646.
 1 SYSTEMPATH\Database\BaseBuilder.php(1615): CodeIgniter\Database\BaseConnection->query('SELECT `id_kas_masjid`, `tanggal`, `nama`, `ket`, `kas_masuk`, `jenis_kas`, `status`
FROM `tbl_kas_masjid`
JOIN `tbl_donatur` ON `tbl_kas_masjid`.`iddonaturmasjid` =`tbl_donatur`.`iddonaturmasjid`
WHERE `status` = "masuk"', [], false)
 2 APPPATH\Models\ModelKasmasuk.php(15): CodeIgniter\Database\BaseBuilder->get()
 3 APPPATH\Controllers\Kasmasuk.php(13): App\Models\Modelkasmasuk->getkasmasuk()
 4 SYSTEMPATH\CodeIgniter.php(919): App\Controllers\Kasmasuk->index()
 5 SYSTEMPATH\CodeIgniter.php(494): CodeIgniter\CodeIgniter->runController(Object(App\Controllers\Kasmasuk))
 6 SYSTEMPATH\CodeIgniter.php(353): CodeIgniter\CodeIgniter->handleRequest(null, Object(Config\Cache), false)
 7 FCPATH\index.php(79): CodeIgniter\CodeIgniter->run()
 8 SYSTEMPATH\Commands\Server\rewrite.php(47): require_once('D:\\SEMESTER 5\\web2\\Digitalmasjid\\public\\index.php')
INFO - 2024-01-10 15:45:05 --> Session: Class initialized using 'CodeIgniter\Session\Handlers\FileHandler' driver.
INFO - 2024-01-10 15:50:06 --> Session: Class initialized using 'CodeIgniter\Session\Handlers\FileHandler' driver.
INFO - 2024-01-10 15:51:55 --> Session: Class initialized using 'CodeIgniter\Session\Handlers\FileHandler' driver.
INFO - 2024-01-10 15:51:56 --> Session: Class initialized using 'CodeIgniter\Session\Handlers\FileHandler' driver.
INFO - 2024-01-10 15:54:29 --> Session: Class initialized using 'CodeIgniter\Session\Handlers\FileHandler' driver.
INFO - 2024-01-10 15:54:50 --> Session: Class initialized using 'CodeIgniter\Session\Handlers\FileHandler' driver.
INFO - 2024-01-10 15:56:52 --> Session: Class initialized using 'CodeIgniter\Session\Handlers\FileHandler' driver.
INFO - 2024-01-10 15:57:07 --> Session: Class initialized using 'CodeIgniter\Session\Handlers\FileHandler' driver.
INFO - 2024-01-10 15:58:38 --> Session: Class initialized using 'CodeIgniter\Session\Handlers\FileHandler' driver.
INFO - 2024-01-10 08:58:50 --> Session: Class initialized using 'CodeIgniter\Session\Handlers\FileHandler' driver.
INFO - 2024-01-10 08:59:01 --> Session: Class initialized using 'CodeIgniter\Session\Handlers\FileHandler' driver.
INFO - 2024-01-10 08:59:01 --> Session: Class initialized using 'CodeIgniter\Session\Handlers\FileHandler' driver.
INFO - 2024-01-10 08:59:07 --> Session: Class initialized using 'CodeIgniter\Session\Handlers\FileHandler' driver.
INFO - 2024-01-10 09:00:04 --> Session: Class initialized using 'CodeIgniter\Session\Handlers\FileHandler' driver.
INFO - 2024-01-10 09:00:11 --> Session: Class initialized using 'CodeIgniter\Session\Handlers\FileHandler' driver.
INFO - 2024-01-10 09:00:11 --> Session: Class initialized using 'CodeIgniter\Session\Handlers\FileHandler' driver.
INFO - 2024-01-10 16:00:15 --> Session: Class initialized using 'CodeIgniter\Session\Handlers\FileHandler' driver.
INFO - 2024-01-10 16:00:34 --> Session: Class initialized using 'CodeIgniter\Session\Handlers\FileHandler' driver.
INFO - 2024-01-10 09:00:42 --> Session: Class initialized using 'CodeIgniter\Session\Handlers\FileHandler' driver.
INFO - 2024-01-10 09:00:50 --> Session: Class initialized using 'CodeIgniter\Session\Handlers\FileHandler' driver.
INFO - 2024-01-10 09:00:51 --> Session: Class initialized using 'CodeIgniter\Session\Handlers\FileHandler' driver.
INFO - 2024-01-10 09:00:54 --> Session: Class initialized using 'CodeIgniter\Session\Handlers\FileHandler' driver.
INFO - 2024-01-10 09:03:13 --> Session: Class initialized using 'CodeIgniter\Session\Handlers\FileHandler' driver.
INFO - 2024-01-10 16:03:57 --> Session: Class initialized using 'CodeIgniter\Session\Handlers\FileHandler' driver.
INFO - 2024-01-10 16:04:06 --> Session: Class initialized using 'CodeIgniter\Session\Handlers\FileHandler' driver.
