INFO - 2024-01-15 06:36:42 --> Session: Class initialized using 'CodeIgniter\Session\Handlers\FileHandler' driver.
INFO - 2024-01-15 06:36:50 --> Session: Class initialized using 'CodeIgniter\Session\Handlers\FileHandler' driver.
INFO - 2024-01-15 06:36:51 --> Session: Class initialized using 'CodeIgniter\Session\Handlers\FileHandler' driver.
INFO - 2024-01-15 06:37:23 --> Session: Class initialized using 'CodeIgniter\Session\Handlers\FileHandler' driver.
INFO - 2024-01-15 06:37:43 --> Session: Class initialized using 'CodeIgniter\Session\Handlers\FileHandler' driver.
INFO - 2024-01-15 06:37:50 --> Session: Class initialized using 'CodeIgniter\Session\Handlers\FileHandler' driver.
INFO - 2024-01-15 06:37:51 --> Session: Class initialized using 'CodeIgniter\Session\Handlers\FileHandler' driver.
INFO - 2024-01-15 13:38:10 --> Session: Class initialized using 'CodeIgniter\Session\Handlers\FileHandler' driver.
INFO - 2024-01-15 13:38:38 --> Session: Class initialized using 'CodeIgniter\Session\Handlers\FileHandler' driver.
INFO - 2024-01-15 13:39:28 --> Session: Class initialized using 'CodeIgniter\Session\Handlers\FileHandler' driver.
INFO - 2024-01-15 06:39:59 --> Session: Class initialized using 'CodeIgniter\Session\Handlers\FileHandler' driver.
INFO - 2024-01-15 06:40:27 --> Session: Class initialized using 'CodeIgniter\Session\Handlers\FileHandler' driver.
INFO - 2024-01-15 06:40:28 --> Session: Class initialized using 'CodeIgniter\Session\Handlers\FileHandler' driver.
INFO - 2024-01-15 06:41:04 --> Session: Class initialized using 'CodeIgniter\Session\Handlers\FileHandler' driver.
INFO - 2024-01-15 06:42:33 --> Session: Class initialized using 'CodeIgniter\Session\Handlers\FileHandler' driver.
INFO - 2024-01-15 06:43:36 --> Session: Class initialized using 'CodeIgniter\Session\Handlers\FileHandler' driver.
INFO - 2024-01-15 06:43:44 --> Session: Class initialized using 'CodeIgniter\Session\Handlers\FileHandler' driver.
INFO - 2024-01-15 06:43:45 --> Session: Class initialized using 'CodeIgniter\Session\Handlers\FileHandler' driver.
INFO - 2024-01-15 06:43:49 --> Session: Class initialized using 'CodeIgniter\Session\Handlers\FileHandler' driver.
INFO - 2024-01-15 07:11:22 --> Session: Class initialized using 'CodeIgniter\Session\Handlers\FileHandler' driver.
INFO - 2024-01-15 07:11:43 --> Session: Class initialized using 'CodeIgniter\Session\Handlers\FileHandler' driver.
INFO - 2024-01-15 07:11:45 --> Session: Class initialized using 'CodeIgniter\Session\Handlers\FileHandler' driver.
INFO - 2024-01-15 07:12:24 --> Session: Class initialized using 'CodeIgniter\Session\Handlers\FileHandler' driver.
ERROR - 2024-01-15 07:12:37 --> mysqli_sql_exception: Unknown column 'status' in 'field list' in D:\SEMESTER 5\web2\Digitalmasjid\system\Database\MySQLi\Connection.php:306
Stack trace:
#0 D:\SEMESTER 5\web2\Digitalmasjid\system\Database\MySQLi\Connection.php(306): mysqli->query('SELECT `id_kas_...', 0)
#1 D:\SEMESTER 5\web2\Digitalmasjid\system\Database\BaseConnection.php(692): CodeIgniter\Database\MySQLi\Connection->execute('SELECT `id_kas_...')
#2 D:\SEMESTER 5\web2\Digitalmasjid\system\Database\BaseConnection.php(606): CodeIgniter\Database\BaseConnection->simpleQuery('SELECT `id_kas_...')
#3 D:\SEMESTER 5\web2\Digitalmasjid\system\Database\BaseBuilder.php(1615): CodeIgniter\Database\BaseConnection->query('SELECT `id_kas_...', Array, false)
#4 D:\SEMESTER 5\web2\Digitalmasjid\app\Models\ModelKasmasuk.php(40): CodeIgniter\Database\BaseBuilder->get()
#5 D:\SEMESTER 5\web2\Digitalmasjid\app\Controllers\Kasmasuk.php(46): App\Models\Modelkasmasuk->getlaporanUangmasuk()
#6 D:\SEMESTER 5\web2\Digitalmasjid\system\CodeIgniter.php(919): App\Controllers\Kasmasuk->laporankasmasuk()
#7 D:\SEMESTER 5\web2\Digitalmasjid\system\CodeIgniter.php(494): CodeIgniter\CodeIgniter->runController(Object(App\Controllers\Kasmasuk))
#8 D:\SEMESTER 5\web2\Digitalmasjid\system\CodeIgniter.php(353): CodeIgniter\CodeIgniter->handleRequest(NULL, Object(Config\Cache), false)
#9 D:\SEMESTER 5\web2\Digitalmasjid\public\index.php(79): CodeIgniter\CodeIgniter->run()
#10 D:\SEMESTER 5\web2\Digitalmasjid\system\Commands\Server\rewrite.php(47): require_once('D:\\SEMESTER 5\\w...')
#11 {main}
CRITICAL - 2024-01-15 07:12:37 --> Unknown column 'status' in 'field list'
in SYSTEMPATH\Database\BaseConnection.php on line 646.
 1 SYSTEMPATH\Database\BaseBuilder.php(1615): CodeIgniter\Database\BaseConnection->query('SELECT `id_kas_masjid`, `tanggal`, `nama`, `ket`, `kas_masuk`, `jenis_kas`, `status`
FROM `tbl_kas_masjid`
JOIN `tbl_donatur` ON `tbl_kas_masjid`.`iddonaturmasjid` =`tbl_donatur`.`iddonatur`
WHERE `status` = "masuk"', [], false)
 2 APPPATH\Models\ModelKasmasuk.php(40): CodeIgniter\Database\BaseBuilder->get()
 3 APPPATH\Controllers\Kasmasuk.php(46): App\Models\Modelkasmasuk->getlaporanUangmasuk()
 4 SYSTEMPATH\CodeIgniter.php(919): App\Controllers\Kasmasuk->laporankasmasuk()
 5 SYSTEMPATH\CodeIgniter.php(494): CodeIgniter\CodeIgniter->runController(Object(App\Controllers\Kasmasuk))
 6 SYSTEMPATH\CodeIgniter.php(353): CodeIgniter\CodeIgniter->handleRequest(null, Object(Config\Cache), false)
 7 FCPATH\index.php(79): CodeIgniter\CodeIgniter->run()
 8 SYSTEMPATH\Commands\Server\rewrite.php(47): require_once('D:\\SEMESTER 5\\web2\\Digitalmasjid\\public\\index.php')
INFO - 2024-01-15 07:12:43 --> Session: Class initialized using 'CodeIgniter\Session\Handlers\FileHandler' driver.
CRITICAL - 2024-01-15 07:12:48 --> Undefined array key "kas_keluar"
in APPPATH\Views\Kaskeluar\cetak_laporan.php on line 55.
 1 APPPATH\Views\Kaskeluar\cetak_laporan.php(55): CodeIgniter\Debug\Exceptions->errorHandler(2, 'Undefined array key "kas_keluar"', 'D:\\SEMESTER 5\\web2\\Digitalmasjid\\app\\Views\\Kaskeluar\\cetak_laporan.php', 55)
 2 SYSTEMPATH\View\View.php(226): include('D:\\SEMESTER 5\\web2\\Digitalmasjid\\app\\Views\\Kaskeluar\\cetak_laporan.php')
 3 SYSTEMPATH\View\View.php(229): CodeIgniter\View\View->CodeIgniter\View\{closure}()
 4 SYSTEMPATH\Common.php(1188): CodeIgniter\View\View->render('kaskeluar/cetak_laporan', [], true)
 5 APPPATH\Controllers\Kaskeluar.php(45): view('kaskeluar/cetak_laporan', [...])
 6 SYSTEMPATH\CodeIgniter.php(919): App\Controllers\Kaskeluar->laporankaskeluar()
 7 SYSTEMPATH\CodeIgniter.php(494): CodeIgniter\CodeIgniter->runController(Object(App\Controllers\Kaskeluar))
 8 SYSTEMPATH\CodeIgniter.php(353): CodeIgniter\CodeIgniter->handleRequest(null, Object(Config\Cache), false)
 9 FCPATH\index.php(79): CodeIgniter\CodeIgniter->run()
10 SYSTEMPATH\Commands\Server\rewrite.php(47): require_once('D:\\SEMESTER 5\\web2\\Digitalmasjid\\public\\index.php')
INFO - 2024-01-15 07:12:54 --> Session: Class initialized using 'CodeIgniter\Session\Handlers\FileHandler' driver.
INFO - 2024-01-15 07:13:01 --> Session: Class initialized using 'CodeIgniter\Session\Handlers\FileHandler' driver.
ERROR - 2024-01-15 07:13:15 --> mysqli_sql_exception: Unknown column 'status' in 'where clause' in D:\SEMESTER 5\web2\Digitalmasjid\system\Database\MySQLi\Connection.php:306
Stack trace:
#0 D:\SEMESTER 5\web2\Digitalmasjid\system\Database\MySQLi\Connection.php(306): mysqli->query('select * from t...', 0)
#1 D:\SEMESTER 5\web2\Digitalmasjid\system\Database\BaseConnection.php(692): CodeIgniter\Database\MySQLi\Connection->execute('select * from t...')
#2 D:\SEMESTER 5\web2\Digitalmasjid\system\Database\BaseConnection.php(606): CodeIgniter\Database\BaseConnection->simpleQuery('select * from t...')
#3 D:\SEMESTER 5\web2\Digitalmasjid\app\Models\ModelKaskeluar.php(37): CodeIgniter\Database\BaseConnection->query('select * from t...')
#4 D:\SEMESTER 5\web2\Digitalmasjid\app\Controllers\Kaskeluar.php(57): App\Models\Modelkaskeluar->getlaporanperperiode('2023-12-01', '2024-01-15')
#5 D:\SEMESTER 5\web2\Digitalmasjid\system\CodeIgniter.php(919): App\Controllers\Kaskeluar->cetaklaporanperperiode()
#6 D:\SEMESTER 5\web2\Digitalmasjid\system\CodeIgniter.php(494): CodeIgniter\CodeIgniter->runController(Object(App\Controllers\Kaskeluar))
#7 D:\SEMESTER 5\web2\Digitalmasjid\system\CodeIgniter.php(353): CodeIgniter\CodeIgniter->handleRequest(NULL, Object(Config\Cache), false)
#8 D:\SEMESTER 5\web2\Digitalmasjid\public\index.php(79): CodeIgniter\CodeIgniter->run()
#9 D:\SEMESTER 5\web2\Digitalmasjid\system\Commands\Server\rewrite.php(47): require_once('D:\\SEMESTER 5\\w...')
#10 {main}
CRITICAL - 2024-01-15 07:13:15 --> Unknown column 'status' in 'where clause'
in SYSTEMPATH\Database\BaseConnection.php on line 646.
 1 APPPATH\Models\ModelKaskeluar.php(37): CodeIgniter\Database\BaseConnection->query('select * from tbl_kas_masjid where tanggal>=\'2023-12-01\'and tanggal<=\'2024-01-15\' and status=\'keluar\'')
 2 APPPATH\Controllers\Kaskeluar.php(57): App\Models\Modelkaskeluar->getlaporanperperiode('2023-12-01', '2024-01-15')
 3 SYSTEMPATH\CodeIgniter.php(919): App\Controllers\Kaskeluar->cetaklaporanperperiode()
 4 SYSTEMPATH\CodeIgniter.php(494): CodeIgniter\CodeIgniter->runController(Object(App\Controllers\Kaskeluar))
 5 SYSTEMPATH\CodeIgniter.php(353): CodeIgniter\CodeIgniter->handleRequest(null, Object(Config\Cache), false)
 6 FCPATH\index.php(79): CodeIgniter\CodeIgniter->run()
 7 SYSTEMPATH\Commands\Server\rewrite.php(47): require_once('D:\\SEMESTER 5\\web2\\Digitalmasjid\\public\\index.php')
INFO - 2024-01-15 07:13:20 --> Session: Class initialized using 'CodeIgniter\Session\Handlers\FileHandler' driver.
INFO - 2024-01-15 07:16:52 --> Session: Class initialized using 'CodeIgniter\Session\Handlers\FileHandler' driver.
INFO - 2024-01-15 07:16:54 --> Session: Class initialized using 'CodeIgniter\Session\Handlers\FileHandler' driver.
INFO - 2024-01-15 07:17:51 --> Session: Class initialized using 'CodeIgniter\Session\Handlers\FileHandler' driver.
INFO - 2024-01-15 07:18:02 --> Session: Class initialized using 'CodeIgniter\Session\Handlers\FileHandler' driver.
INFO - 2024-01-15 07:18:35 --> Session: Class initialized using 'CodeIgniter\Session\Handlers\FileHandler' driver.
INFO - 2024-01-15 07:19:26 --> Session: Class initialized using 'CodeIgniter\Session\Handlers\FileHandler' driver.
INFO - 2024-01-15 07:19:31 --> Session: Class initialized using 'CodeIgniter\Session\Handlers\FileHandler' driver.
ERROR - 2024-01-15 07:19:41 --> mysqli_sql_exception: Unknown column 'status' in 'where clause' in D:\SEMESTER 5\web2\Digitalmasjid\system\Database\MySQLi\Connection.php:306
Stack trace:
#0 D:\SEMESTER 5\web2\Digitalmasjid\system\Database\MySQLi\Connection.php(306): mysqli->query('select * from t...', 0)
#1 D:\SEMESTER 5\web2\Digitalmasjid\system\Database\BaseConnection.php(692): CodeIgniter\Database\MySQLi\Connection->execute('select * from t...')
#2 D:\SEMESTER 5\web2\Digitalmasjid\system\Database\BaseConnection.php(606): CodeIgniter\Database\BaseConnection->simpleQuery('select * from t...')
#3 D:\SEMESTER 5\web2\Digitalmasjid\app\Models\ModelKasmasuk.php(44): CodeIgniter\Database\BaseConnection->query('select * from t...')
#4 D:\SEMESTER 5\web2\Digitalmasjid\app\Controllers\Kasmasuk.php(58): App\Models\Modelkasmasuk->getlaporanperperiode('2023-12-01', '2024-01-15')
#5 D:\SEMESTER 5\web2\Digitalmasjid\system\CodeIgniter.php(919): App\Controllers\Kasmasuk->cetaklaporanperperiode()
#6 D:\SEMESTER 5\web2\Digitalmasjid\system\CodeIgniter.php(494): CodeIgniter\CodeIgniter->runController(Object(App\Controllers\Kasmasuk))
#7 D:\SEMESTER 5\web2\Digitalmasjid\system\CodeIgniter.php(353): CodeIgniter\CodeIgniter->handleRequest(NULL, Object(Config\Cache), false)
#8 D:\SEMESTER 5\web2\Digitalmasjid\public\index.php(79): CodeIgniter\CodeIgniter->run()
#9 D:\SEMESTER 5\web2\Digitalmasjid\system\Commands\Server\rewrite.php(47): require_once('D:\\SEMESTER 5\\w...')
#10 {main}
CRITICAL - 2024-01-15 07:19:41 --> Unknown column 'status' in 'where clause'
in SYSTEMPATH\Database\BaseConnection.php on line 646.
 1 APPPATH\Models\ModelKasmasuk.php(44): CodeIgniter\Database\BaseConnection->query('select * from tbl_kas_masjid where tanggal>=\'2023-12-01\'and tanggal<=\'2024-01-15\' and status=\'masuk\'')
 2 APPPATH\Controllers\Kasmasuk.php(58): App\Models\Modelkasmasuk->getlaporanperperiode('2023-12-01', '2024-01-15')
 3 SYSTEMPATH\CodeIgniter.php(919): App\Controllers\Kasmasuk->cetaklaporanperperiode()
 4 SYSTEMPATH\CodeIgniter.php(494): CodeIgniter\CodeIgniter->runController(Object(App\Controllers\Kasmasuk))
 5 SYSTEMPATH\CodeIgniter.php(353): CodeIgniter\CodeIgniter->handleRequest(null, Object(Config\Cache), false)
 6 FCPATH\index.php(79): CodeIgniter\CodeIgniter->run()
 7 SYSTEMPATH\Commands\Server\rewrite.php(47): require_once('D:\\SEMESTER 5\\web2\\Digitalmasjid\\public\\index.php')
INFO - 2024-01-15 07:20:03 --> Session: Class initialized using 'CodeIgniter\Session\Handlers\FileHandler' driver.
INFO - 2024-01-15 07:20:10 --> Session: Class initialized using 'CodeIgniter\Session\Handlers\FileHandler' driver.
ERROR - 2024-01-15 07:20:20 --> mysqli_sql_exception: Unknown column 'status' in 'where clause' in D:\SEMESTER 5\web2\Digitalmasjid\system\Database\MySQLi\Connection.php:306
Stack trace:
#0 D:\SEMESTER 5\web2\Digitalmasjid\system\Database\MySQLi\Connection.php(306): mysqli->query('select * from t...', 0)
#1 D:\SEMESTER 5\web2\Digitalmasjid\system\Database\BaseConnection.php(692): CodeIgniter\Database\MySQLi\Connection->execute('select * from t...')
#2 D:\SEMESTER 5\web2\Digitalmasjid\system\Database\BaseConnection.php(606): CodeIgniter\Database\BaseConnection->simpleQuery('select * from t...')
#3 D:\SEMESTER 5\web2\Digitalmasjid\app\Models\ModelKasmasuk.php(50): CodeIgniter\Database\BaseConnection->query('select * from t...')
#4 D:\SEMESTER 5\web2\Digitalmasjid\app\Controllers\Kasmasuk.php(77): App\Models\Modelkasmasuk->getLaporanperperiodeperjenis('2023-12-01', '2024-01-15', '')
#5 D:\SEMESTER 5\web2\Digitalmasjid\system\CodeIgniter.php(919): App\Controllers\Kasmasuk->cetaklaporanperperiodeperjenis()
#6 D:\SEMESTER 5\web2\Digitalmasjid\system\CodeIgniter.php(494): CodeIgniter\CodeIgniter->runController(Object(App\Controllers\Kasmasuk))
#7 D:\SEMESTER 5\web2\Digitalmasjid\system\CodeIgniter.php(353): CodeIgniter\CodeIgniter->handleRequest(NULL, Object(Config\Cache), false)
#8 D:\SEMESTER 5\web2\Digitalmasjid\public\index.php(79): CodeIgniter\CodeIgniter->run()
#9 D:\SEMESTER 5\web2\Digitalmasjid\system\Commands\Server\rewrite.php(47): require_once('D:\\SEMESTER 5\\w...')
#10 {main}
CRITICAL - 2024-01-15 07:20:20 --> Unknown column 'status' in 'where clause'
in SYSTEMPATH\Database\BaseConnection.php on line 646.
 1 APPPATH\Models\ModelKasmasuk.php(50): CodeIgniter\Database\BaseConnection->query('select * from tbl_kas_masjid where tanggal >= \'2023-12-01\' and tanggal <=\'2024-01-15\' and jenis_kas=\'\' and status=\'masuk\'')
 2 APPPATH\Controllers\Kasmasuk.php(77): App\Models\Modelkasmasuk->getLaporanperperiodeperjenis('2023-12-01', '2024-01-15', '')
 3 SYSTEMPATH\CodeIgniter.php(919): App\Controllers\Kasmasuk->cetaklaporanperperiodeperjenis()
 4 SYSTEMPATH\CodeIgniter.php(494): CodeIgniter\CodeIgniter->runController(Object(App\Controllers\Kasmasuk))
 5 SYSTEMPATH\CodeIgniter.php(353): CodeIgniter\CodeIgniter->handleRequest(null, Object(Config\Cache), false)
 6 FCPATH\index.php(79): CodeIgniter\CodeIgniter->run()
 7 SYSTEMPATH\Commands\Server\rewrite.php(47): require_once('D:\\SEMESTER 5\\web2\\Digitalmasjid\\public\\index.php')
ERROR - 2024-01-15 07:23:28 --> mysqli_sql_exception: Unknown column 'status' in 'where clause' in D:\SEMESTER 5\web2\Digitalmasjid\system\Database\MySQLi\Connection.php:306
Stack trace:
#0 D:\SEMESTER 5\web2\Digitalmasjid\system\Database\MySQLi\Connection.php(306): mysqli->query('select * from t...', 0)
#1 D:\SEMESTER 5\web2\Digitalmasjid\system\Database\BaseConnection.php(692): CodeIgniter\Database\MySQLi\Connection->execute('select * from t...')
#2 D:\SEMESTER 5\web2\Digitalmasjid\system\Database\BaseConnection.php(606): CodeIgniter\Database\BaseConnection->simpleQuery('select * from t...')
#3 D:\SEMESTER 5\web2\Digitalmasjid\app\Models\ModelKasmasuk.php(50): CodeIgniter\Database\BaseConnection->query('select * from t...')
#4 D:\SEMESTER 5\web2\Digitalmasjid\app\Controllers\Kasmasuk.php(77): App\Models\Modelkasmasuk->getLaporanperperiodeperjenis('2023-12-01', '2024-01-15', '')
#5 D:\SEMESTER 5\web2\Digitalmasjid\system\CodeIgniter.php(919): App\Controllers\Kasmasuk->cetaklaporanperperiodeperjenis()
#6 D:\SEMESTER 5\web2\Digitalmasjid\system\CodeIgniter.php(494): CodeIgniter\CodeIgniter->runController(Object(App\Controllers\Kasmasuk))
#7 D:\SEMESTER 5\web2\Digitalmasjid\system\CodeIgniter.php(353): CodeIgniter\CodeIgniter->handleRequest(NULL, Object(Config\Cache), false)
#8 D:\SEMESTER 5\web2\Digitalmasjid\public\index.php(79): CodeIgniter\CodeIgniter->run()
#9 D:\SEMESTER 5\web2\Digitalmasjid\system\Commands\Server\rewrite.php(47): require_once('D:\\SEMESTER 5\\w...')
#10 {main}
CRITICAL - 2024-01-15 07:23:28 --> Unknown column 'status' in 'where clause'
in SYSTEMPATH\Database\BaseConnection.php on line 646.
 1 APPPATH\Models\ModelKasmasuk.php(50): CodeIgniter\Database\BaseConnection->query('select * from tbl_kas_masjid where tanggal >= \'2023-12-01\' and tanggal <=\'2024-01-15\' and jenis_kas=\'\' and status=\'masuk\'')
 2 APPPATH\Controllers\Kasmasuk.php(77): App\Models\Modelkasmasuk->getLaporanperperiodeperjenis('2023-12-01', '2024-01-15', '')
 3 SYSTEMPATH\CodeIgniter.php(919): App\Controllers\Kasmasuk->cetaklaporanperperiodeperjenis()
 4 SYSTEMPATH\CodeIgniter.php(494): CodeIgniter\CodeIgniter->runController(Object(App\Controllers\Kasmasuk))
 5 SYSTEMPATH\CodeIgniter.php(353): CodeIgniter\CodeIgniter->handleRequest(null, Object(Config\Cache), false)
 6 FCPATH\index.php(79): CodeIgniter\CodeIgniter->run()
 7 SYSTEMPATH\Commands\Server\rewrite.php(47): require_once('D:\\SEMESTER 5\\web2\\Digitalmasjid\\public\\index.php')
INFO - 2024-01-15 07:23:49 --> Session: Class initialized using 'CodeIgniter\Session\Handlers\FileHandler' driver.
INFO - 2024-01-15 07:23:59 --> Session: Class initialized using 'CodeIgniter\Session\Handlers\FileHandler' driver.
INFO - 2024-01-15 07:24:10 --> Session: Class initialized using 'CodeIgniter\Session\Handlers\FileHandler' driver.
ERROR - 2024-01-15 07:24:19 --> mysqli_sql_exception: You have an error in your SQL syntax; check the manual that corresponds to your MariaDB server version for the right syntax to use near ''' at line 1 in D:\SEMESTER 5\web2\Digitalmasjid\system\Database\MySQLi\Connection.php:306
Stack trace:
#0 D:\SEMESTER 5\web2\Digitalmasjid\system\Database\MySQLi\Connection.php(306): mysqli->query('select * from t...', 0)
#1 D:\SEMESTER 5\web2\Digitalmasjid\system\Database\BaseConnection.php(692): CodeIgniter\Database\MySQLi\Connection->execute('select * from t...')
#2 D:\SEMESTER 5\web2\Digitalmasjid\system\Database\BaseConnection.php(606): CodeIgniter\Database\BaseConnection->simpleQuery('select * from t...')
#3 D:\SEMESTER 5\web2\Digitalmasjid\app\Models\ModelKasmasuk.php(44): CodeIgniter\Database\BaseConnection->query('select * from t...')
#4 D:\SEMESTER 5\web2\Digitalmasjid\app\Controllers\Kasmasuk.php(58): App\Models\Modelkasmasuk->getlaporanperperiode('2023-12-01', '2024-01-15')
#5 D:\SEMESTER 5\web2\Digitalmasjid\system\CodeIgniter.php(919): App\Controllers\Kasmasuk->cetaklaporanperperiode()
#6 D:\SEMESTER 5\web2\Digitalmasjid\system\CodeIgniter.php(494): CodeIgniter\CodeIgniter->runController(Object(App\Controllers\Kasmasuk))
#7 D:\SEMESTER 5\web2\Digitalmasjid\system\CodeIgniter.php(353): CodeIgniter\CodeIgniter->handleRequest(NULL, Object(Config\Cache), false)
#8 D:\SEMESTER 5\web2\Digitalmasjid\public\index.php(79): CodeIgniter\CodeIgniter->run()
#9 D:\SEMESTER 5\web2\Digitalmasjid\system\Commands\Server\rewrite.php(47): require_once('D:\\SEMESTER 5\\w...')
#10 {main}
CRITICAL - 2024-01-15 07:24:19 --> You have an error in your SQL syntax; check the manual that corresponds to your MariaDB server version for the right syntax to use near ''' at line 1
in SYSTEMPATH\Database\BaseConnection.php on line 646.
 1 APPPATH\Models\ModelKasmasuk.php(44): CodeIgniter\Database\BaseConnection->query('select * from tbl_kas_masjid where tanggal>=\'2023-12-01\'and tanggal<=\'')
 2 APPPATH\Controllers\Kasmasuk.php(58): App\Models\Modelkasmasuk->getlaporanperperiode('2023-12-01', '2024-01-15')
 3 SYSTEMPATH\CodeIgniter.php(919): App\Controllers\Kasmasuk->cetaklaporanperperiode()
 4 SYSTEMPATH\CodeIgniter.php(494): CodeIgniter\CodeIgniter->runController(Object(App\Controllers\Kasmasuk))
 5 SYSTEMPATH\CodeIgniter.php(353): CodeIgniter\CodeIgniter->handleRequest(null, Object(Config\Cache), false)
 6 FCPATH\index.php(79): CodeIgniter\CodeIgniter->run()
 7 SYSTEMPATH\Commands\Server\rewrite.php(47): require_once('D:\\SEMESTER 5\\web2\\Digitalmasjid\\public\\index.php')
INFO - 2024-01-15 07:24:37 --> Session: Class initialized using 'CodeIgniter\Session\Handlers\FileHandler' driver.
INFO - 2024-01-15 07:24:40 --> Session: Class initialized using 'CodeIgniter\Session\Handlers\FileHandler' driver.
INFO - 2024-01-15 07:24:53 --> Session: Class initialized using 'CodeIgniter\Session\Handlers\FileHandler' driver.
INFO - 2024-01-15 07:25:04 --> Session: Class initialized using 'CodeIgniter\Session\Handlers\FileHandler' driver.
ERROR - 2024-01-15 07:25:13 --> mysqli_sql_exception: You have an error in your SQL syntax; check the manual that corresponds to your MariaDB server version for the right syntax to use near ''' at line 1 in D:\SEMESTER 5\web2\Digitalmasjid\system\Database\MySQLi\Connection.php:306
Stack trace:
#0 D:\SEMESTER 5\web2\Digitalmasjid\system\Database\MySQLi\Connection.php(306): mysqli->query('select * from t...', 0)
#1 D:\SEMESTER 5\web2\Digitalmasjid\system\Database\BaseConnection.php(692): CodeIgniter\Database\MySQLi\Connection->execute('select * from t...')
#2 D:\SEMESTER 5\web2\Digitalmasjid\system\Database\BaseConnection.php(606): CodeIgniter\Database\BaseConnection->simpleQuery('select * from t...')
#3 D:\SEMESTER 5\web2\Digitalmasjid\app\Models\ModelKasmasuk.php(44): CodeIgniter\Database\BaseConnection->query('select * from t...')
#4 D:\SEMESTER 5\web2\Digitalmasjid\app\Controllers\Kasmasuk.php(58): App\Models\Modelkasmasuk->getlaporanperperiode('2023-12-01', '2024-01-15')
#5 D:\SEMESTER 5\web2\Digitalmasjid\system\CodeIgniter.php(919): App\Controllers\Kasmasuk->cetaklaporanperperiode()
#6 D:\SEMESTER 5\web2\Digitalmasjid\system\CodeIgniter.php(494): CodeIgniter\CodeIgniter->runController(Object(App\Controllers\Kasmasuk))
#7 D:\SEMESTER 5\web2\Digitalmasjid\system\CodeIgniter.php(353): CodeIgniter\CodeIgniter->handleRequest(NULL, Object(Config\Cache), false)
#8 D:\SEMESTER 5\web2\Digitalmasjid\public\index.php(79): CodeIgniter\CodeIgniter->run()
#9 D:\SEMESTER 5\web2\Digitalmasjid\system\Commands\Server\rewrite.php(47): require_once('D:\\SEMESTER 5\\w...')
#10 {main}
CRITICAL - 2024-01-15 07:25:13 --> You have an error in your SQL syntax; check the manual that corresponds to your MariaDB server version for the right syntax to use near ''' at line 1
in SYSTEMPATH\Database\BaseConnection.php on line 646.
 1 APPPATH\Models\ModelKasmasuk.php(44): CodeIgniter\Database\BaseConnection->query('select * from tbl_kas_masjid where tanggal>=\'2023-12-01\'and tanggal<=\'')
 2 APPPATH\Controllers\Kasmasuk.php(58): App\Models\Modelkasmasuk->getlaporanperperiode('2023-12-01', '2024-01-15')
 3 SYSTEMPATH\CodeIgniter.php(919): App\Controllers\Kasmasuk->cetaklaporanperperiode()
 4 SYSTEMPATH\CodeIgniter.php(494): CodeIgniter\CodeIgniter->runController(Object(App\Controllers\Kasmasuk))
 5 SYSTEMPATH\CodeIgniter.php(353): CodeIgniter\CodeIgniter->handleRequest(null, Object(Config\Cache), false)
 6 FCPATH\index.php(79): CodeIgniter\CodeIgniter->run()
 7 SYSTEMPATH\Commands\Server\rewrite.php(47): require_once('D:\\SEMESTER 5\\web2\\Digitalmasjid\\public\\index.php')
ERROR - 2024-01-15 07:26:49 --> mysqli_sql_exception: You have an error in your SQL syntax; check the manual that corresponds to your MariaDB server version for the right syntax to use near ''' at line 1 in D:\SEMESTER 5\web2\Digitalmasjid\system\Database\MySQLi\Connection.php:306
Stack trace:
#0 D:\SEMESTER 5\web2\Digitalmasjid\system\Database\MySQLi\Connection.php(306): mysqli->query('select * from t...', 0)
#1 D:\SEMESTER 5\web2\Digitalmasjid\system\Database\BaseConnection.php(692): CodeIgniter\Database\MySQLi\Connection->execute('select * from t...')
#2 D:\SEMESTER 5\web2\Digitalmasjid\system\Database\BaseConnection.php(606): CodeIgniter\Database\BaseConnection->simpleQuery('select * from t...')
#3 D:\SEMESTER 5\web2\Digitalmasjid\app\Models\ModelKasmasuk.php(44): CodeIgniter\Database\BaseConnection->query('select * from t...')
#4 D:\SEMESTER 5\web2\Digitalmasjid\app\Controllers\Kasmasuk.php(58): App\Models\Modelkasmasuk->getlaporanperperiode('2023-12-01', '2024-01-15')
#5 D:\SEMESTER 5\web2\Digitalmasjid\system\CodeIgniter.php(919): App\Controllers\Kasmasuk->cetaklaporanperperiode()
#6 D:\SEMESTER 5\web2\Digitalmasjid\system\CodeIgniter.php(494): CodeIgniter\CodeIgniter->runController(Object(App\Controllers\Kasmasuk))
#7 D:\SEMESTER 5\web2\Digitalmasjid\system\CodeIgniter.php(353): CodeIgniter\CodeIgniter->handleRequest(NULL, Object(Config\Cache), false)
#8 D:\SEMESTER 5\web2\Digitalmasjid\public\index.php(79): CodeIgniter\CodeIgniter->run()
#9 D:\SEMESTER 5\web2\Digitalmasjid\system\Commands\Server\rewrite.php(47): require_once('D:\\SEMESTER 5\\w...')
#10 {main}
CRITICAL - 2024-01-15 07:26:49 --> You have an error in your SQL syntax; check the manual that corresponds to your MariaDB server version for the right syntax to use near ''' at line 1
in SYSTEMPATH\Database\BaseConnection.php on line 646.
 1 APPPATH\Models\ModelKasmasuk.php(44): CodeIgniter\Database\BaseConnection->query('select * from tbl_kas_masjid where tanggal>=\'2023-12-01\'and tanggal\'')
 2 APPPATH\Controllers\Kasmasuk.php(58): App\Models\Modelkasmasuk->getlaporanperperiode('2023-12-01', '2024-01-15')
 3 SYSTEMPATH\CodeIgniter.php(919): App\Controllers\Kasmasuk->cetaklaporanperperiode()
 4 SYSTEMPATH\CodeIgniter.php(494): CodeIgniter\CodeIgniter->runController(Object(App\Controllers\Kasmasuk))
 5 SYSTEMPATH\CodeIgniter.php(353): CodeIgniter\CodeIgniter->handleRequest(null, Object(Config\Cache), false)
 6 FCPATH\index.php(79): CodeIgniter\CodeIgniter->run()
 7 SYSTEMPATH\Commands\Server\rewrite.php(47): require_once('D:\\SEMESTER 5\\web2\\Digitalmasjid\\public\\index.php')
ERROR - 2024-01-15 07:29:40 --> mysqli_sql_exception: You have an error in your SQL syntax; check the manual that corresponds to your MariaDB server version for the right syntax to use near ''' at line 1 in D:\SEMESTER 5\web2\Digitalmasjid\system\Database\MySQLi\Connection.php:306
Stack trace:
#0 D:\SEMESTER 5\web2\Digitalmasjid\system\Database\MySQLi\Connection.php(306): mysqli->query('select * from t...', 0)
#1 D:\SEMESTER 5\web2\Digitalmasjid\system\Database\BaseConnection.php(692): CodeIgniter\Database\MySQLi\Connection->execute('select * from t...')
#2 D:\SEMESTER 5\web2\Digitalmasjid\system\Database\BaseConnection.php(606): CodeIgniter\Database\BaseConnection->simpleQuery('select * from t...')
#3 D:\SEMESTER 5\web2\Digitalmasjid\app\Models\ModelKasmasuk.php(44): CodeIgniter\Database\BaseConnection->query('select * from t...')
#4 D:\SEMESTER 5\web2\Digitalmasjid\app\Controllers\Kasmasuk.php(58): App\Models\Modelkasmasuk->getlaporanperperiode('2023-12-01', '2024-01-15')
#5 D:\SEMESTER 5\web2\Digitalmasjid\system\CodeIgniter.php(919): App\Controllers\Kasmasuk->cetaklaporanperperiode()
#6 D:\SEMESTER 5\web2\Digitalmasjid\system\CodeIgniter.php(494): CodeIgniter\CodeIgniter->runController(Object(App\Controllers\Kasmasuk))
#7 D:\SEMESTER 5\web2\Digitalmasjid\system\CodeIgniter.php(353): CodeIgniter\CodeIgniter->handleRequest(NULL, Object(Config\Cache), false)
#8 D:\SEMESTER 5\web2\Digitalmasjid\public\index.php(79): CodeIgniter\CodeIgniter->run()
#9 D:\SEMESTER 5\web2\Digitalmasjid\system\Commands\Server\rewrite.php(47): require_once('D:\\SEMESTER 5\\w...')
#10 {main}
CRITICAL - 2024-01-15 07:29:40 --> You have an error in your SQL syntax; check the manual that corresponds to your MariaDB server version for the right syntax to use near ''' at line 1
in SYSTEMPATH\Database\BaseConnection.php on line 646.
 1 APPPATH\Models\ModelKasmasuk.php(44): CodeIgniter\Database\BaseConnection->query('select * from tbl_kas_masjid where tanggal>=\'2023-12-01\'and tanggal\'')
 2 APPPATH\Controllers\Kasmasuk.php(58): App\Models\Modelkasmasuk->getlaporanperperiode('2023-12-01', '2024-01-15')
 3 SYSTEMPATH\CodeIgniter.php(919): App\Controllers\Kasmasuk->cetaklaporanperperiode()
 4 SYSTEMPATH\CodeIgniter.php(494): CodeIgniter\CodeIgniter->runController(Object(App\Controllers\Kasmasuk))
 5 SYSTEMPATH\CodeIgniter.php(353): CodeIgniter\CodeIgniter->handleRequest(null, Object(Config\Cache), false)
 6 FCPATH\index.php(79): CodeIgniter\CodeIgniter->run()
 7 SYSTEMPATH\Commands\Server\rewrite.php(47): require_once('D:\\SEMESTER 5\\web2\\Digitalmasjid\\public\\index.php')
ERROR - 2024-01-15 07:49:37 --> mysqli_sql_exception: You have an error in your SQL syntax; check the manual that corresponds to your MariaDB server version for the right syntax to use near ''' at line 1 in D:\SEMESTER 5\web2\Digitalmasjid\system\Database\MySQLi\Connection.php:306
Stack trace:
#0 D:\SEMESTER 5\web2\Digitalmasjid\system\Database\MySQLi\Connection.php(306): mysqli->query('select * from t...', 0)
#1 D:\SEMESTER 5\web2\Digitalmasjid\system\Database\BaseConnection.php(692): CodeIgniter\Database\MySQLi\Connection->execute('select * from t...')
#2 D:\SEMESTER 5\web2\Digitalmasjid\system\Database\BaseConnection.php(606): CodeIgniter\Database\BaseConnection->simpleQuery('select * from t...')
#3 D:\SEMESTER 5\web2\Digitalmasjid\app\Models\ModelKasmasuk.php(44): CodeIgniter\Database\BaseConnection->query('select * from t...')
#4 D:\SEMESTER 5\web2\Digitalmasjid\app\Controllers\Kasmasuk.php(58): App\Models\Modelkasmasuk->getlaporanperperiode('2023-12-01', '2024-01-15')
#5 D:\SEMESTER 5\web2\Digitalmasjid\system\CodeIgniter.php(919): App\Controllers\Kasmasuk->cetaklaporanperperiode()
#6 D:\SEMESTER 5\web2\Digitalmasjid\system\CodeIgniter.php(494): CodeIgniter\CodeIgniter->runController(Object(App\Controllers\Kasmasuk))
#7 D:\SEMESTER 5\web2\Digitalmasjid\system\CodeIgniter.php(353): CodeIgniter\CodeIgniter->handleRequest(NULL, Object(Config\Cache), false)
#8 D:\SEMESTER 5\web2\Digitalmasjid\public\index.php(79): CodeIgniter\CodeIgniter->run()
#9 D:\SEMESTER 5\web2\Digitalmasjid\system\Commands\Server\rewrite.php(47): require_once('D:\\SEMESTER 5\\w...')
#10 {main}
CRITICAL - 2024-01-15 07:49:37 --> You have an error in your SQL syntax; check the manual that corresponds to your MariaDB server version for the right syntax to use near ''' at line 1
in SYSTEMPATH\Database\BaseConnection.php on line 646.
 1 APPPATH\Models\ModelKasmasuk.php(44): CodeIgniter\Database\BaseConnection->query('select * from tbl_kas_masjid where tanggal>=\'2023-12-01\'and tanggal\'')
 2 APPPATH\Controllers\Kasmasuk.php(58): App\Models\Modelkasmasuk->getlaporanperperiode('2023-12-01', '2024-01-15')
 3 SYSTEMPATH\CodeIgniter.php(919): App\Controllers\Kasmasuk->cetaklaporanperperiode()
 4 SYSTEMPATH\CodeIgniter.php(494): CodeIgniter\CodeIgniter->runController(Object(App\Controllers\Kasmasuk))
 5 SYSTEMPATH\CodeIgniter.php(353): CodeIgniter\CodeIgniter->handleRequest(null, Object(Config\Cache), false)
 6 FCPATH\index.php(79): CodeIgniter\CodeIgniter->run()
 7 SYSTEMPATH\Commands\Server\rewrite.php(47): require_once('D:\\SEMESTER 5\\web2\\Digitalmasjid\\public\\index.php')
INFO - 2024-01-15 07:49:54 --> Session: Class initialized using 'CodeIgniter\Session\Handlers\FileHandler' driver.
INFO - 2024-01-15 07:50:14 --> Session: Class initialized using 'CodeIgniter\Session\Handlers\FileHandler' driver.
INFO - 2024-01-15 07:50:15 --> Session: Class initialized using 'CodeIgniter\Session\Handlers\FileHandler' driver.
INFO - 2024-01-15 07:50:23 --> Session: Class initialized using 'CodeIgniter\Session\Handlers\FileHandler' driver.
INFO - 2024-01-15 07:50:32 --> Session: Class initialized using 'CodeIgniter\Session\Handlers\FileHandler' driver.
INFO - 2024-01-15 07:50:33 --> Session: Class initialized using 'CodeIgniter\Session\Handlers\FileHandler' driver.
INFO - 2024-01-15 07:50:38 --> Session: Class initialized using 'CodeIgniter\Session\Handlers\FileHandler' driver.
ERROR - 2024-01-15 07:50:49 --> mysqli_sql_exception: You have an error in your SQL syntax; check the manual that corresponds to your MariaDB server version for the right syntax to use near ''' at line 1 in D:\SEMESTER 5\web2\Digitalmasjid\system\Database\MySQLi\Connection.php:306
Stack trace:
#0 D:\SEMESTER 5\web2\Digitalmasjid\system\Database\MySQLi\Connection.php(306): mysqli->query('select * from t...', 0)
#1 D:\SEMESTER 5\web2\Digitalmasjid\system\Database\BaseConnection.php(692): CodeIgniter\Database\MySQLi\Connection->execute('select * from t...')
#2 D:\SEMESTER 5\web2\Digitalmasjid\system\Database\BaseConnection.php(606): CodeIgniter\Database\BaseConnection->simpleQuery('select * from t...')
#3 D:\SEMESTER 5\web2\Digitalmasjid\app\Models\ModelKasmasuk.php(44): CodeIgniter\Database\BaseConnection->query('select * from t...')
#4 D:\SEMESTER 5\web2\Digitalmasjid\app\Controllers\Kasmasuk.php(58): App\Models\Modelkasmasuk->getlaporanperperiode('2023-12-01', '2024-01-14')
#5 D:\SEMESTER 5\web2\Digitalmasjid\system\CodeIgniter.php(919): App\Controllers\Kasmasuk->cetaklaporanperperiode()
#6 D:\SEMESTER 5\web2\Digitalmasjid\system\CodeIgniter.php(494): CodeIgniter\CodeIgniter->runController(Object(App\Controllers\Kasmasuk))
#7 D:\SEMESTER 5\web2\Digitalmasjid\system\CodeIgniter.php(353): CodeIgniter\CodeIgniter->handleRequest(NULL, Object(Config\Cache), false)
#8 D:\SEMESTER 5\web2\Digitalmasjid\public\index.php(79): CodeIgniter\CodeIgniter->run()
#9 D:\SEMESTER 5\web2\Digitalmasjid\system\Commands\Server\rewrite.php(47): require_once('D:\\SEMESTER 5\\w...')
#10 {main}
CRITICAL - 2024-01-15 07:50:49 --> You have an error in your SQL syntax; check the manual that corresponds to your MariaDB server version for the right syntax to use near ''' at line 1
in SYSTEMPATH\Database\BaseConnection.php on line 646.
 1 APPPATH\Models\ModelKasmasuk.php(44): CodeIgniter\Database\BaseConnection->query('select * from tbl_kas_masjid where tanggal>=\'2023-12-01\'and tanggal\'')
 2 APPPATH\Controllers\Kasmasuk.php(58): App\Models\Modelkasmasuk->getlaporanperperiode('2023-12-01', '2024-01-14')
 3 SYSTEMPATH\CodeIgniter.php(919): App\Controllers\Kasmasuk->cetaklaporanperperiode()
 4 SYSTEMPATH\CodeIgniter.php(494): CodeIgniter\CodeIgniter->runController(Object(App\Controllers\Kasmasuk))
 5 SYSTEMPATH\CodeIgniter.php(353): CodeIgniter\CodeIgniter->handleRequest(null, Object(Config\Cache), false)
 6 FCPATH\index.php(79): CodeIgniter\CodeIgniter->run()
 7 SYSTEMPATH\Commands\Server\rewrite.php(47): require_once('D:\\SEMESTER 5\\web2\\Digitalmasjid\\public\\index.php')
